#
# There is insufficient memory for the Java Runtime Environment to continue.
# Native memory allocation (mmap) failed to map 65536 bytes for committing reserved memory.
# Possible reasons:
#   The system is out of physical RAM or swap space
#   In 32 bit mode, the process size limit was hit
# Possible solutions:
#   Reduce memory load on the system
#   Increase physical memory or swap space
#   Check if swap backing store is full
#   Use 64 bit Java on a 64 bit OS
#   Decrease Java heap size (-Xmx/-Xms)
#   Decrease number of Java threads
#   Decrease Java thread stack sizes (-Xss)
#   Set larger code cache with -XX:ReservedCodeCacheSize=
# This output file may be truncated or incomplete.
#
#  Out of Memory Error (os_linux.cpp:2640), pid=7800, tid=0x00007fa02cbe8700
#
# JRE version: Java(TM) SE Runtime Environment (8.0_161-b12) (build 1.8.0_161-b12)
# Java VM: Java HotSpot(TM) 64-Bit Server VM (25.161-b12 mixed mode linux-amd64 compressed oops)
# Failed to write core dump. Core dumps have been disabled. To enable core dumping, try "ulimit -c unlimited" before starting Java again
#

---------------  T H R E A D  ---------------

Current thread (0x00007fa0280b7000):  JavaThread "C2 CompilerThread0" daemon [_thread_in_vm, id=7817, stack(0x00007fa02cae9000,0x00007fa02cbe9000)]

Stack: [0x00007fa02cae9000,0x00007fa02cbe9000],  sp=0x00007fa02cbe4270,  free space=1004k
Native frames: (J=compiled Java code, j=interpreted, Vv=VM code, C=native code)
V  [libjvm.so+0xacf94a]  VMError::report_and_die()+0x2ba
V  [libjvm.so+0x50050b]  report_vm_out_of_memory(char const*, int, unsigned long, VMErrorType, char const*)+0x8b
V  [libjvm.so+0x92b133]  os::Linux::commit_memory_impl(char*, unsigned long, bool)+0x103
V  [libjvm.so+0x92b5c9]  os::pd_commit_memory(char*, unsigned long, unsigned long, bool)+0x29
V  [libjvm.so+0x924c0a]  os::commit_memory(char*, unsigned long, unsigned long, bool)+0x2a
V  [libjvm.so+0xacb629]  VirtualSpace::expand_by(unsigned long, bool)+0x199
V  [libjvm.so+0x61f7ac]  CodeHeap::expand_by(unsigned long)+0x8c
V  [libjvm.so+0x4842d0]  CodeCache::allocate(int, bool)+0x60
V  [libjvm.so+0x47ef75]  BufferBlob::create(char const*, int)+0x95
V  [libjvm.so+0x482fda]  CodeBuffer::initialize(int, int)+0x1a
V  [libjvm.so+0x93d878]  Compile::init_buffer(unsigned int*)+0x208
V  [libjvm.so+0x943691]  Compile::Output()+0x381
V  [libjvm.so+0x4a6eeb]  Compile::Code_Gen()+0x31b
V  [libjvm.so+0x4a96b1]  Compile::Compile(ciEnv*, C2Compiler*, ciMethod*, int, bool, bool, bool)+0x14b1
V  [libjvm.so+0x3f57d5]  C2Compiler::compile_method(ciEnv*, ciMethod*, int)+0x1f5
V  [libjvm.so+0x4b3c2a]  CompileBroker::invoke_compiler_on_method(CompileTask*)+0xcba
V  [libjvm.so+0x4b4bd6]  CompileBroker::compiler_thread_loop()+0x5d6
V  [libjvm.so+0xa7eaa3]  JavaThread::thread_main_inner()+0x103
V  [libjvm.so+0xa7ebec]  JavaThread::run()+0x11c
V  [libjvm.so+0x92da28]  java_start(Thread*)+0x108
C  [libpthread.so.0+0x740b]  start_thread+0xdb


Current CompileTask:
C2:  70638 7531   !   4       com.univocity.parsers.csv.CsvParser::parseRecord (776 bytes)


---------------  P R O C E S S  ---------------

Java Threads: ( => current thread )
  0x00007fa0111aa000 JavaThread "Worker Monitor for /usr/bin/python3" daemon [_thread_blocked, id=7889, stack(0x00007f9fed6dc000,0x00007f9fed7dd000)]
  0x00007fa0111a3000 JavaThread "stderr reader for /usr/bin/python3" daemon [_thread_in_native, id=7886, stack(0x00007f9fed8de000,0x00007f9fed9df000)]
  0x00007fa0111a2000 JavaThread "stdout reader for /usr/bin/python3" daemon [_thread_in_native, id=7885, stack(0x00007f9fed9df000,0x00007f9fedae0000)]
  0x00007fa01119c800 JavaThread "process reaper" daemon [_thread_in_native, id=7884, stack(0x00007fa018103000,0x00007fa01813c000)]
  0x00007fa011199000 JavaThread "Idle Worker Monitor for /usr/bin/python3" daemon [_thread_blocked, id=7882, stack(0x00007f9fedae0000,0x00007f9fedbe1000)]
  0x0000000001bbc800 JavaThread "ForkJoinPool-2-worker-1" daemon [_thread_blocked, id=7880, stack(0x00007f9fedce2000,0x00007f9fedde3000)]
  0x00007fa01416d000 JavaThread "ForkJoinPool-2-worker-3" daemon [_thread_blocked, id=7879, stack(0x00007f9fedde3000,0x00007f9fedee4000)]
  0x00007fa00c026800 JavaThread "ForkJoinPool-2-worker-5" daemon [_thread_blocked, id=7878, stack(0x00007f9fedee4000,0x00007f9fedfe5000)]
  0x00007fa00c024800 JavaThread "ForkJoinPool-2-worker-7" daemon [_thread_blocked, id=7877, stack(0x00007f9fedfe5000,0x00007f9fee0e6000)]
  0x00007fa00c022800 JavaThread "ForkJoinPool-2-worker-9" daemon [_thread_blocked, id=7876, stack(0x00007f9fee0e6000,0x00007f9fee1e7000)]
  0x00007fa00c021800 JavaThread "ForkJoinPool-2-worker-11" daemon [_thread_blocked, id=7875, stack(0x00007f9fee1e7000,0x00007f9fee2e8000)]
  0x00007fa010a5b800 JavaThread "ForkJoinPool-2-worker-13" daemon [_thread_blocked, id=7874, stack(0x00007f9fee2e8000,0x00007f9fee3e9000)]
  0x00007fa000060800 JavaThread "Thread-19" [_thread_in_native, id=7873, stack(0x00007f9fee5e9000,0x00007f9fee6ea000)]
  0x00007f9ff8afc800 JavaThread "block-manager-ask-thread-pool-2" daemon [_thread_blocked, id=7872, stack(0x00007f9fee6ea000,0x00007f9fee7eb000)]
  0x00007f9ffc477800 JavaThread "block-manager-ask-thread-pool-1" daemon [_thread_blocked, id=7871, stack(0x00007f9fee7eb000,0x00007f9fee8ec000)]
  0x0000000001bba000 JavaThread "block-manager-slave-async-thread-pool-2" daemon [_thread_blocked, id=7870, stack(0x00007f9fee8ec000,0x00007f9fee9ed000)]
  0x0000000001bb8800 JavaThread "block-manager-slave-async-thread-pool-1" daemon [_thread_blocked, id=7869, stack(0x00007f9fee9ed000,0x00007f9feeaee000)]
  0x00007fa014159800 JavaThread "block-manager-slave-async-thread-pool-0" daemon [_thread_blocked, id=7868, stack(0x00007f9feeaee000,0x00007f9feebef000)]
  0x00007fa00c01f000 JavaThread "block-manager-ask-thread-pool-0" daemon [_thread_blocked, id=7867, stack(0x00007f9feebef000,0x00007f9feecf0000)]
  0x00007fa014154000 JavaThread "task-result-getter-1" daemon [_thread_blocked, id=7865, stack(0x00007f9feecf0000,0x00007f9feedf1000)]
  0x00007fa014149800 JavaThread "task-result-getter-0" daemon [_thread_blocked, id=7864, stack(0x00007f9feeff1000,0x00007f9fef0f2000)]
  0x00007fa01413a000 JavaThread "Executor task launch worker for task 2" daemon [_thread_in_vm, id=7863, stack(0x00007f9fef0f2000,0x00007f9fef1f3000)]
  0x00007fa010349000 JavaThread "org.apache.hadoop.fs.FileSystem$Statistics$StatisticsDataReferenceCleaner" daemon [_thread_blocked, id=7862, stack(0x00007f9ff4a9b000,0x00007f9ff4b9c000)]
  0x00007fa0109ec800 JavaThread "spark-listener-group-streams" daemon [_thread_blocked, id=7861, stack(0x00007f9ff4d9c000,0x00007f9ff4e9d000)]
  0x0000000001bd1800 JavaThread "element-tracking-store-worker" daemon [_thread_blocked, id=7859, stack(0x00007f9ff549d000,0x00007f9ff559e000)]
  0x00007fa0106a6000 JavaThread "spark-listener-group-executorManagement" daemon [_thread_blocked, id=7858, stack(0x00007f9ff559e000,0x00007f9ff569f000)]
  0x00007fa0106a4000 JavaThread "spark-listener-group-appStatus" daemon [_thread_blocked, id=7857, stack(0x00007f9ff569f000,0x00007f9ff57a0000)]
  0x00007fa0106a0800 JavaThread "context-cleaner-periodic-gc" daemon [_thread_blocked, id=7856, stack(0x00007f9ff57a0000,0x00007f9ff58a1000)]
  0x00007fa01069f000 JavaThread "Spark Context Cleaner" daemon [_thread_blocked, id=7855, stack(0x00007f9ff58a1000,0x00007f9ff59a2000)]
  0x00007fa010597000 JavaThread "shuffle-server-5-1" daemon [_thread_in_native, id=7854, stack(0x00007f9ff5ba2000,0x00007f9ff5ca3000)]
  0x00007fa01056e800 JavaThread "driver-heartbeater" daemon [_thread_blocked, id=7853, stack(0x00007f9ff60e7000,0x00007f9ff61e8000)]
  0x00007fa0104d6000 JavaThread "dag-scheduler-event-loop" daemon [_thread_blocked, id=7852, stack(0x00007f9ff5eea000,0x00007f9ff5feb000)]
  0x0000000001b77800 JavaThread "netty-rpc-env-timeout" daemon [_thread_blocked, id=7851, stack(0x00007f9ff61e8000,0x00007f9ff62e9000)]
  0x00007fa010443000 JavaThread "Timer-1" daemon [_thread_blocked, id=7850, stack(0x00007f9ff62e9000,0x00007f9ff63ea000)]
  0x00007fa010441800 JavaThread "Timer-0" daemon [_thread_blocked, id=7849, stack(0x00007f9ff63ea000,0x00007f9ff64eb000)]
  0x00007fa0140a1000 JavaThread "heartbeat-receiver-event-loop-thread" daemon [_thread_blocked, id=7848, stack(0x00007f9ff64eb000,0x00007f9ff65ec000)]
  0x00007fa010395800 JavaThread "SparkUI-36" daemon [_thread_blocked, id=7847, stack(0x00007f9ff67ec000,0x00007f9ff68ed000)]
  0x00007fa010393800 JavaThread "SparkUI-35" daemon [_thread_blocked, id=7846, stack(0x00007f9ff68ed000,0x00007f9ff69ee000)]
  0x00007fa010391800 JavaThread "SparkUI-34" daemon [_thread_blocked, id=7845, stack(0x00007f9ff69ee000,0x00007f9ff6aef000)]
  0x00007fa01038f800 JavaThread "SparkUI-33" daemon [_thread_blocked, id=7844, stack(0x00007f9ff6aef000,0x00007f9ff6bf0000)]
  0x00007fa01038d800 JavaThread "SparkUI-32" daemon [_thread_blocked, id=7843, stack(0x00007f9ff6bf0000,0x00007f9ff6cf1000)]
  0x00007fa01038b800 JavaThread "SparkUI-31" daemon [_thread_blocked, id=7842, stack(0x00007f9ff6cf1000,0x00007f9ff6df2000)]
  0x00007fa01038a000 JavaThread "SparkUI-30-acceptor-0@1e0f1657-Spark@10c8fbe6{HTTP/1.1,[http/1.1]}{0.0.0.0:4041}" daemon [_thread_in_native, id=7841, stack(0x00007f9ff6df2000,0x00007f9ff6ef3000)]
  0x00007fa010386800 JavaThread "SparkUI-29" daemon [_thread_in_native, id=7840, stack(0x00007f9ff6ef3000,0x00007f9ff6ff4000)]
  0x00007fa01025d000 JavaThread "refresh progress" daemon [_thread_blocked, id=7839, stack(0x00007f9ff6ff4000,0x00007f9ff70f5000)]
  0x00007fa01024e000 JavaThread "RemoteBlock-temp-file-clean-thread" daemon [_thread_blocked, id=7838, stack(0x00007f9ff72f5000,0x00007f9ff73f6000)]
  0x00007fa01020c800 JavaThread "map-output-dispatcher-7" daemon [_thread_blocked, id=7837, stack(0x00007f9ff73f6000,0x00007f9ff74f7000)]
  0x00007fa01020a800 JavaThread "map-output-dispatcher-6" daemon [_thread_blocked, id=7836, stack(0x00007f9ff74f7000,0x00007f9ff75f8000)]
  0x00007fa010208800 JavaThread "map-output-dispatcher-5" daemon [_thread_blocked, id=7835, stack(0x00007f9ff75f8000,0x00007f9ff76f9000)]
  0x00007fa010207000 JavaThread "map-output-dispatcher-4" daemon [_thread_blocked, id=7834, stack(0x00007f9ff76f9000,0x00007f9ff77fa000)]
  0x00007fa010205000 JavaThread "map-output-dispatcher-3" daemon [_thread_blocked, id=7833, stack(0x00007f9ff77fa000,0x00007f9ff78fb000)]
  0x00007fa010204000 JavaThread "map-output-dispatcher-2" daemon [_thread_blocked, id=7832, stack(0x00007f9ff78fb000,0x00007f9ff79fc000)]
  0x00007fa010200800 JavaThread "map-output-dispatcher-1" daemon [_thread_blocked, id=7831, stack(0x00007f9ff79fc000,0x00007f9ff7afd000)]
  0x00007fa0101fd000 JavaThread "map-output-dispatcher-0" daemon [_thread_blocked, id=7830, stack(0x00007f9ff7afd000,0x00007f9ff7bfe000)]
  0x00007fa0101dd000 JavaThread "rpc-server-3-1" daemon [_thread_in_native, id=7829, stack(0x00007f9ff7bfe000,0x00007f9ff7cff000)]
  0x00007fa0100f3000 JavaThread "dispatcher-event-loop-1" daemon [_thread_blocked, id=7828, stack(0x00007f9ff7eff000,0x00007f9ff8000000)]
  0x00007fa0100f2000 JavaThread "dispatcher-event-loop-0" daemon [_thread_blocked, id=7827, stack(0x00007fa0040fc000,0x00007fa0041fd000)]
  0x00007fa000009800 JavaThread "Thread-4" [_thread_blocked, id=7826, stack(0x00007fa0043fd000,0x00007fa0044fe000)]
  0x00007fa0290e3800 JavaThread "Thread-3" [_thread_in_native, id=7825, stack(0x00007fa00470f000,0x00007fa004810000)]
  0x00007fa0290ce000 JavaThread "pool-1-thread-1" [_thread_blocked, id=7824, stack(0x00007fa018002000,0x00007fa018103000)]
  0x00007fa0280bc800 JavaThread "Service Thread" daemon [_thread_blocked, id=7819, stack(0x00007fa02c8e6000,0x00007fa02c9e7000)]
  0x00007fa0280b9000 JavaThread "C1 CompilerThread1" daemon [_thread_blocked, id=7818, stack(0x00007fa02c9e8000,0x00007fa02cae8000)]
=>0x00007fa0280b7000 JavaThread "C2 CompilerThread0" daemon [_thread_in_vm, id=7817, stack(0x00007fa02cae9000,0x00007fa02cbe9000)]
  0x00007fa0280b5800 JavaThread "Signal Dispatcher" daemon [_thread_blocked, id=7816, stack(0x00007fa02cbe9000,0x00007fa02ccea000)]
  0x00007fa028083000 JavaThread "Finalizer" daemon [_thread_blocked, id=7815, stack(0x00007fa02ccea000,0x00007fa02cdeb000)]
  0x00007fa02807e800 JavaThread "Reference Handler" daemon [_thread_blocked, id=7814, stack(0x00007fa02cdeb000,0x00007fa02ceec000)]
  0x00007fa028012000 JavaThread "main" [_thread_in_native, id=7812, stack(0x00007fa03195b000,0x00007fa031a5b000)]

Other Threads:
  0x00007fa028076800 VMThread [stack: 0x00007fa02ceed000,0x00007fa02cfed000] [id=7813]
  0x00007fa0280c1800 WatcherThread [stack: 0x00007fa02c7e6000,0x00007fa02c8e6000] [id=7820]

VM state:not at safepoint (normal execution)

VM Mutex/Monitor currently owned by a thread:  ([mutex/lock_event])
[0x00007fa02800e8a0] CodeCache_lock - owner thread: 0x00007fa0280b7000
[0x00007fa02800ff20] Compile_lock - owner thread: 0x00007fa01413a000

Heap:
 def new generation   total 14144K, used 10470K [0x0000000680000000, 0x0000000680f50000, 0x00000006eaaa0000)
  eden space 12608K,  74% used [0x0000000680000000, 0x0000000680929098, 0x0000000680c50000)
  from space 1536K,  70% used [0x0000000680dd0000, 0x0000000680ee0788, 0x0000000680f50000)
  to   space 1536K,   0% used [0x0000000680c50000, 0x0000000680c50000, 0x0000000680dd0000)
 tenured generation   total 31308K, used 25535K [0x00000006eaaa0000, 0x00000006ec933000, 0x00000007c0000000)
   the space 31308K,  81% used [0x00000006eaaa0000, 0x00000006ec38fd20, 0x00000006ec38fe00, 0x00000006ec933000)
 Metaspace       used 73806K, capacity 74492K, committed 74664K, reserved 1112064K
  class space    used 10955K, capacity 11145K, committed 11184K, reserved 1048576K

Card table byte_map: [0x00007fa02e0e7000,0x00007fa02eae8000] byte_map_base: 0x00007fa02ace7000

Polling page: 0x00007fa031a64000

CodeCache: size=245760Kb used=18951Kb max_used=18959Kb free=226808Kb
 bounds [0x00007fa019000000, 0x00007fa01a2a0000, 0x00007fa028000000]
 total_blobs=7083 nmethods=6469 adapters=524
 compilation: enabled

Compilation events (10 events):
Event: 70.012 Thread 0x00007fa0280b7000 nmethod 7529 0x00007fa01a297690 code [0x00007fa01a297800, 0x00007fa01a297dc8]
Event: 70.012 Thread 0x00007fa0280b7000 7528       4       org.apache.spark.unsafe.Platform::copyMemory (124 bytes)
Event: 70.014 Thread 0x00007fa0280b7000 nmethod 7528 0x00007fa01a283f50 code [0x00007fa01a2840a0, 0x00007fa01a2841f8]
Event: 70.014 Thread 0x00007fa0280b7000 7530       4       com.univocity.parsers.common.input.NoopCharAppender::appendUntil (23 bytes)
Event: 70.023 Thread 0x00007fa0280b9000 7535       2       com.fasterxml.jackson.core.util.TextBuffer::<init> (15 bytes)
Event: 70.023 Thread 0x00007fa0280b9000 nmethod 7535 0x00007fa019adddd0 code [0x00007fa019addf20, 0x00007fa019ade090]
Event: 70.024 Thread 0x00007fa0280b9000 7536       2       com.fasterxml.jackson.core.json.JsonWriteContext::writeFieldName (48 bytes)
Event: 70.024 Thread 0x00007fa0280b9000 nmethod 7536 0x00007fa0199ebbd0 code [0x00007fa0199ebd40, 0x00007fa0199ebf20]
Event: 70.043 Thread 0x00007fa0280b7000 nmethod 7530 0x00007fa01a298a50 code [0x00007fa01a298c40, 0x00007fa01a299520]
Event: 70.043 Thread 0x00007fa0280b7000 7531   !   4       com.univocity.parsers.csv.CsvParser::parseRecord (776 bytes)

GC Heap History (10 events):
Event: 67.330 GC heap before
{Heap before GC invocations=200 (full 4):
 def new generation   total 14144K, used 13590K [0x0000000680000000, 0x0000000680f50000, 0x00000006eaaa0000)
  eden space 12608K, 100% used [0x0000000680000000, 0x0000000680c50000, 0x0000000680c50000)
  from space 1536K,  63% used [0x0000000680c50000, 0x0000000680d45b88, 0x0000000680dd0000)
  to   space 1536K,   0% used [0x0000000680dd0000, 0x0000000680dd0000, 0x0000000680f50000)
 tenured generation   total 31308K, used 23341K [0x00000006eaaa0000, 0x00000006ec933000, 0x00000007c0000000)
   the space 31308K,  74% used [0x00000006eaaa0000, 0x00000006ec16b780, 0x00000006ec16b800, 0x00000006ec933000)
 Metaspace       used 72114K, capacity 72768K, committed 72872K, reserved 1112064K
  class space    used 10705K, capacity 10885K, committed 10928K, reserved 1048576K
Event: 67.338 GC heap after
Heap after GC invocations=201 (full 4):
 def new generation   total 14144K, used 971K [0x0000000680000000, 0x0000000680f50000, 0x00000006eaaa0000)
  eden space 12608K,   0% used [0x0000000680000000, 0x0000000680000000, 0x0000000680c50000)
  from space 1536K,  63% used [0x0000000680dd0000, 0x0000000680ec2c60, 0x0000000680f50000)
  to   space 1536K,   0% used [0x0000000680c50000, 0x0000000680c50000, 0x0000000680dd0000)
 tenured generation   total 31308K, used 23577K [0x00000006eaaa0000, 0x00000006ec933000, 0x00000007c0000000)
   the space 31308K,  75% used [0x00000006eaaa0000, 0x00000006ec1a6620, 0x00000006ec1a6800, 0x00000006ec933000)
 Metaspace       used 72114K, capacity 72768K, committed 72872K, reserved 1112064K
  class space    used 10705K, capacity 10885K, committed 10928K, reserved 1048576K
}
Event: 67.412 GC heap before
{Heap before GC invocations=201 (full 4):
 def new generation   total 14144K, used 13579K [0x0000000680000000, 0x0000000680f50000, 0x00000006eaaa0000)
  eden space 12608K, 100% used [0x0000000680000000, 0x0000000680c50000, 0x0000000680c50000)
  from space 1536K,  63% used [0x0000000680dd0000, 0x0000000680ec2c60, 0x0000000680f50000)
  to   space 1536K,   0% used [0x0000000680c50000, 0x0000000680c50000, 0x0000000680dd0000)
 tenured generation   total 31308K, used 23577K [0x00000006eaaa0000, 0x00000006ec933000, 0x00000007c0000000)
   the space 31308K,  75% used [0x00000006eaaa0000, 0x00000006ec1a6620, 0x00000006ec1a6800, 0x00000006ec933000)
 Metaspace       used 72167K, capacity 72838K, committed 73128K, reserved 1112064K
  class space    used 10716K, capacity 10886K, committed 10928K, reserved 1048576K
Event: 67.417 GC heap after
Heap after GC invocations=202 (full 4):
 def new generation   total 14144K, used 647K [0x0000000680000000, 0x0000000680f50000, 0x00000006eaaa0000)
  eden space 12608K,   0% used [0x0000000680000000, 0x0000000680000000, 0x0000000680c50000)
  from space 1536K,  42% used [0x0000000680c50000, 0x0000000680cf1d48, 0x0000000680dd0000)
  to   space 1536K,   0% used [0x0000000680dd0000, 0x0000000680dd0000, 0x0000000680f50000)
 tenured generation   total 31308K, used 23809K [0x00000006eaaa0000, 0x00000006ec933000, 0x00000007c0000000)
   the space 31308K,  76% used [0x00000006eaaa0000, 0x00000006ec1e05e0, 0x00000006ec1e0600, 0x00000006ec933000)
 Metaspace       used 72167K, capacity 72838K, committed 73128K, reserved 1112064K
  class space    used 10716K, capacity 10886K, committed 10928K, reserved 1048576K
}
Event: 67.687 GC heap before
{Heap before GC invocations=202 (full 4):
 def new generation   total 14144K, used 13255K [0x0000000680000000, 0x0000000680f50000, 0x00000006eaaa0000)
  eden space 12608K, 100% used [0x0000000680000000, 0x0000000680c50000, 0x0000000680c50000)
  from space 1536K,  42% used [0x0000000680c50000, 0x0000000680cf1d48, 0x0000000680dd0000)
  to   space 1536K,   0% used [0x0000000680dd0000, 0x0000000680dd0000, 0x0000000680f50000)
 tenured generation   total 31308K, used 23809K [0x00000006eaaa0000, 0x00000006ec933000, 0x00000007c0000000)
   the space 31308K,  76% used [0x00000006eaaa0000, 0x00000006ec1e05e0, 0x00000006ec1e0600, 0x00000006ec933000)
 Metaspace       used 72767K, capacity 73420K, committed 73512K, reserved 1112064K
  class space    used 10823K, capacity 11015K, committed 11056K, reserved 1048576K
Event: 67.693 GC heap after
Heap after GC invocations=203 (full 4):
 def new generation   total 14144K, used 1535K [0x0000000680000000, 0x0000000680f50000, 0x00000006eaaa0000)
  eden space 12608K,   0% used [0x0000000680000000, 0x0000000680000000, 0x0000000680c50000)
  from space 1536K,  99% used [0x0000000680dd0000, 0x0000000680f4ff38, 0x0000000680f50000)
  to   space 1536K,   0% used [0x0000000680c50000, 0x0000000680c50000, 0x0000000680dd0000)
 tenured generation   total 31308K, used 23854K [0x00000006eaaa0000, 0x00000006ec933000, 0x00000007c0000000)
   the space 31308K,  76% used [0x00000006eaaa0000, 0x00000006ec1eba78, 0x00000006ec1ebc00, 0x00000006ec933000)
 Metaspace       used 72767K, capacity 73420K, committed 73512K, reserved 1112064K
  class space    used 10823K, capacity 11015K, committed 11056K, reserved 1048576K
}
Event: 67.922 GC heap before
{Heap before GC invocations=203 (full 4):
 def new generation   total 14144K, used 14143K [0x0000000680000000, 0x0000000680f50000, 0x00000006eaaa0000)
  eden space 12608K, 100% used [0x0000000680000000, 0x0000000680c50000, 0x0000000680c50000)
  from space 1536K,  99% used [0x0000000680dd0000, 0x0000000680f4ff38, 0x0000000680f50000)
  to   space 1536K,   0% used [0x0000000680c50000, 0x0000000680c50000, 0x0000000680dd0000)
 tenured generation   total 31308K, used 23854K [0x00000006eaaa0000, 0x00000006ec933000, 0x00000007c0000000)
   the space 31308K,  76% used [0x00000006eaaa0000, 0x00000006ec1eba78, 0x00000006ec1ebc00, 0x00000006ec933000)
 Metaspace       used 73101K, capacity 73848K, committed 74152K, reserved 1112064K
  class space    used 10869K, capacity 11081K, committed 11184K, reserved 1048576K
Event: 67.932 GC heap after
Heap after GC invocations=204 (full 4):
 def new generation   total 14144K, used 860K [0x0000000680000000, 0x0000000680f50000, 0x00000006eaaa0000)
  eden space 12608K,   0% used [0x0000000680000000, 0x0000000680000000, 0x0000000680c50000)
  from space 1536K,  56% used [0x0000000680c50000, 0x0000000680d27338, 0x0000000680dd0000)
  to   space 1536K,   0% used [0x0000000680dd0000, 0x0000000680dd0000, 0x0000000680f50000)
 tenured generation   total 31308K, used 24872K [0x00000006eaaa0000, 0x00000006ec933000, 0x00000007c0000000)
   the space 31308K,  79% used [0x00000006eaaa0000, 0x00000006ec2ea0b0, 0x00000006ec2ea200, 0x00000006ec933000)
 Metaspace       used 73101K, capacity 73848K, committed 74152K, reserved 1112064K
  class space    used 10869K, capacity 11081K, committed 11184K, reserved 1048576K
}
Event: 69.557 GC heap before
{Heap before GC invocations=204 (full 4):
 def new generation   total 14144K, used 13468K [0x0000000680000000, 0x0000000680f50000, 0x00000006eaaa0000)
  eden space 12608K, 100% used [0x0000000680000000, 0x0000000680c50000, 0x0000000680c50000)
  from space 1536K,  56% used [0x0000000680c50000, 0x0000000680d27338, 0x0000000680dd0000)
  to   space 1536K,   0% used [0x0000000680dd0000, 0x0000000680dd0000, 0x0000000680f50000)
 tenured generation   total 31308K, used 24872K [0x00000006eaaa0000, 0x00000006ec933000, 0x00000007c0000000)
   the space 31308K,  79% used [0x00000006eaaa0000, 0x00000006ec2ea0b0, 0x00000006ec2ea200, 0x00000006ec933000)
 Metaspace       used 73770K, capacity 74492K, committed 74664K, reserved 1112064K
  class space    used 10947K, capacity 11145K, committed 11184K, reserved 1048576K
Event: 69.600 GC heap after
Heap after GC invocations=205 (full 4):
 def new generation   total 14144K, used 1089K [0x0000000680000000, 0x0000000680f50000, 0x00000006eaaa0000)
  eden space 12608K,   0% used [0x0000000680000000, 0x0000000680000000, 0x0000000680c50000)
  from space 1536K,  70% used [0x0000000680dd0000, 0x0000000680ee0788, 0x0000000680f50000)
  to   space 1536K,   0% used [0x0000000680c50000, 0x0000000680c50000, 0x0000000680dd0000)
 tenured generation   total 31308K, used 25535K [0x00000006eaaa0000, 0x00000006ec933000, 0x00000007c0000000)
   the space 31308K,  81% used [0x00000006eaaa0000, 0x00000006ec38fd20, 0x00000006ec38fe00, 0x00000006ec933000)
 Metaspace       used 73770K, capacity 74492K, committed 74664K, reserved 1112064K
  class space    used 10947K, capacity 11145K, committed 11184K, reserved 1048576K
}

Deoptimization events (10 events):
Event: 67.774 Thread 0x00007fa0106a4000 Uncommon trap: reason=class_check action=maybe_recompile pc=0x00007fa019cf83c0 method=scala.collection.mutable.HashTable$class.elemEquals(Lscala/collection/mutable/HashTable;Ljava/lang/Object;Ljava/lang/Object;)Z @ 25
Event: 67.774 Thread 0x00007fa0106a4000 Uncommon trap: reason=class_check action=maybe_recompile pc=0x00007fa019cf83c0 method=scala.collection.mutable.HashTable$class.elemEquals(Lscala/collection/mutable/HashTable;Ljava/lang/Object;Ljava/lang/Object;)Z @ 25
Event: 67.774 Thread 0x00007fa0106a4000 Uncommon trap: reason=class_check action=maybe_recompile pc=0x00007fa019cb9de4 method=scala.collection.mutable.HashTable$class.elemEquals(Lscala/collection/mutable/HashTable;Ljava/lang/Object;Ljava/lang/Object;)Z @ 25
Event: 67.888 Thread 0x00007fa0104d6000 Uncommon trap: reason=bimorphic action=maybe_recompile pc=0x00007fa019bf8358 method=scala.collection.convert.Wrappers$JMapWrapperLike$$anon$2.hasNext()Z @ 4
Event: 67.888 Thread 0x00007fa0104d6000 Uncommon trap: reason=bimorphic action=maybe_recompile pc=0x00007fa019bf8358 method=scala.collection.convert.Wrappers$JMapWrapperLike$$anon$2.hasNext()Z @ 4
Event: 67.975 Thread 0x00007fa01413a000 Uncommon trap: reason=class_check action=maybe_recompile pc=0x00007fa019bd5a1c method=scala.runtime.ScalaRunTime$.array_update(Ljava/lang/Object;ILjava/lang/Object;)V @ 82
Event: 67.975 Thread 0x00007fa01413a000 Uncommon trap: reason=class_check action=maybe_recompile pc=0x00007fa019bd5a1c method=scala.runtime.ScalaRunTime$.array_update(Ljava/lang/Object;ILjava/lang/Object;)V @ 82
Event: 67.975 Thread 0x00007fa01413a000 Uncommon trap: reason=class_check action=maybe_recompile pc=0x00007fa019bd5a1c method=scala.runtime.ScalaRunTime$.array_update(Ljava/lang/Object;ILjava/lang/Object;)V @ 82
Event: 67.975 Thread 0x00007fa01413a000 Uncommon trap: reason=class_check action=maybe_recompile pc=0x00007fa019bd5a1c method=scala.runtime.ScalaRunTime$.array_update(Ljava/lang/Object;ILjava/lang/Object;)V @ 82
Event: 69.873 Thread 0x00007fa0111a8800 Uncommon trap: reason=unstable_if action=reinterpret pc=0x00007fa0199ec738 method=org.apache.hadoop.util.LineReader.readDefaultLine(Lorg/apache/hadoop/io/Text;II)I @ 88

Classes redefined (0 events):
No events

Internal exceptions (10 events):
Event: 67.865 Thread 0x00007fa0104d6000 Exception <a 'java/lang/NoSuchMethodError': <clinit>> (0x00000006806977e0) thrown at [/HUDSON/workspace/8-2-build-linux-amd64/jdk8u161/10277/hotspot/src/share/vm/prims/jni.cpp, line 1613]
Event: 67.866 Thread 0x00007fa0104d6000 Exception <a 'java/lang/NoSuchMethodError': <clinit>> (0x00000006806aa4a0) thrown at [/HUDSON/workspace/8-2-build-linux-amd64/jdk8u161/10277/hotspot/src/share/vm/prims/jni.cpp, line 1613]
Event: 67.866 Thread 0x00007fa0104d6000 Exception <a 'java/lang/NoSuchMethodError': <clinit>> (0x00000006806ac1e8) thrown at [/HUDSON/workspace/8-2-build-linux-amd64/jdk8u161/10277/hotspot/src/share/vm/prims/jni.cpp, line 1613]
Event: 67.867 Thread 0x00007fa0104d6000 Exception <a 'java/lang/NoSuchMethodError': <clinit>> (0x00000006806ba628) thrown at [/HUDSON/workspace/8-2-build-linux-amd64/jdk8u161/10277/hotspot/src/share/vm/prims/jni.cpp, line 1613]
Event: 67.867 Thread 0x00007fa0104d6000 Exception <a 'java/lang/NoSuchMethodError': <clinit>> (0x00000006806c3d18) thrown at [/HUDSON/workspace/8-2-build-linux-amd64/jdk8u161/10277/hotspot/src/share/vm/prims/jni.cpp, line 1613]
Event: 67.871 Thread 0x00007fa0104d6000 Exception <a 'java/lang/NoSuchMethodError': <clinit>> (0x00000006806d81b8) thrown at [/HUDSON/workspace/8-2-build-linux-amd64/jdk8u161/10277/hotspot/src/share/vm/prims/jni.cpp, line 1613]
Event: 67.872 Thread 0x00007fa0104d6000 Exception <a 'java/lang/NoSuchMethodError': <clinit>> (0x00000006806d9a80) thrown at [/HUDSON/workspace/8-2-build-linux-amd64/jdk8u161/10277/hotspot/src/share/vm/prims/jni.cpp, line 1613]
Event: 67.872 Thread 0x00007fa0104d6000 Exception <a 'java/lang/NoSuchMethodError': <clinit>> (0x00000006806db680) thrown at [/HUDSON/workspace/8-2-build-linux-amd64/jdk8u161/10277/hotspot/src/share/vm/prims/jni.cpp, line 1613]
Event: 67.890 Thread 0x00007fa0100f3000 Exception <a 'java/lang/NoSuchMethodError': <clinit>> (0x0000000680b60040) thrown at [/HUDSON/workspace/8-2-build-linux-amd64/jdk8u161/10277/hotspot/src/share/vm/prims/jni.cpp, line 1613]
Event: 67.891 Thread 0x00007fa0100f3000 Exception <a 'java/lang/NoSuchMethodError': <clinit>> (0x0000000680b775a0) thrown at [/HUDSON/workspace/8-2-build-linux-amd64/jdk8u161/10277/hotspot/src/share/vm/prims/jni.cpp, line 1613]

Events (10 events):
Event: 70.353 loading class com/twitter/chill/KryoInstantiator$2
Event: 70.353 loading class com/twitter/chill/KryoInstantiator$2 done
Event: 70.353 loading class com/twitter/chill/KryoInstantiator$5
Event: 70.353 loading class com/twitter/chill/KryoInstantiator$5 done
Event: 70.353 loading class com/twitter/chill/KryoInstantiator$6
Event: 70.353 loading class com/twitter/chill/KryoInstantiator$6 done
Event: 70.354 loading class com/twitter/chill/KryoInstantiator$1
Event: 70.354 loading class com/twitter/chill/KryoInstantiator$1 done
Event: 70.354 loading class org/objenesis/strategy/InstantiatorStrategy
Event: 70.354 loading class org/objenesis/strategy/InstantiatorStrategy done


Dynamic libraries:
00400000-00401000 r-xp 00000000 ca:01 8409489                            /usr/java/jdk1.8.0_161/jre/bin/java
00600000-00601000 rw-p 00000000 ca:01 8409489                            /usr/java/jdk1.8.0_161/jre/bin/java
01b51000-01c00000 rw-p 00000000 00:00 0                                  [heap]
680000000-680f50000 rw-p 00000000 00:00 0 
680f50000-6eaaa0000 ---p 00000000 00:00 0 
6eaaa0000-6ec933000 rw-p 00000000 00:00 0 
6ec933000-7c0000000 ---p 00000000 00:00 0 
7c0000000-7c0aec000 rw-p 00000000 00:00 0 
7c0aec000-800000000 ---p 00000000 00:00 0 
7f9fed6dc000-7f9fed6df000 ---p 00000000 00:00 0 
7f9fed6df000-7f9fed7dd000 rw-p 00000000 00:00 0 
7f9fed7dd000-7f9fed7e0000 ---p 00000000 00:00 0 
7f9fed7e0000-7f9fed8de000 rw-p 00000000 00:00 0 
7f9fed8de000-7f9fed8e1000 ---p 00000000 00:00 0 
7f9fed8e1000-7f9fed9df000 rw-p 00000000 00:00 0 
7f9fed9df000-7f9fed9e2000 ---p 00000000 00:00 0 
7f9fed9e2000-7f9fedae0000 rw-p 00000000 00:00 0 
7f9fedae0000-7f9fedae3000 ---p 00000000 00:00 0 
7f9fedae3000-7f9fedbe1000 rw-p 00000000 00:00 0 
7f9fedbe1000-7f9fedbe4000 ---p 00000000 00:00 0 
7f9fedbe4000-7f9fedce2000 rw-p 00000000 00:00 0 
7f9fedce2000-7f9fedce5000 ---p 00000000 00:00 0 
7f9fedce5000-7f9fedde3000 rw-p 00000000 00:00 0 
7f9fedde3000-7f9fedde6000 ---p 00000000 00:00 0 
7f9fedde6000-7f9fedee4000 rw-p 00000000 00:00 0 
7f9fedee4000-7f9fedee7000 ---p 00000000 00:00 0 
7f9fedee7000-7f9fedfe5000 rw-p 00000000 00:00 0 
7f9fedfe5000-7f9fedfe8000 ---p 00000000 00:00 0 
7f9fedfe8000-7f9fee0e6000 rw-p 00000000 00:00 0 
7f9fee0e6000-7f9fee0e9000 ---p 00000000 00:00 0 
7f9fee0e9000-7f9fee1e7000 rw-p 00000000 00:00 0 
7f9fee1e7000-7f9fee1ea000 ---p 00000000 00:00 0 
7f9fee1ea000-7f9fee2e8000 rw-p 00000000 00:00 0 
7f9fee2e8000-7f9fee2eb000 ---p 00000000 00:00 0 
7f9fee2eb000-7f9fee5e9000 rw-p 00000000 00:00 0 
7f9fee5e9000-7f9fee5ec000 ---p 00000000 00:00 0 
7f9fee5ec000-7f9fee6ea000 rw-p 00000000 00:00 0 
7f9fee6ea000-7f9fee6ed000 ---p 00000000 00:00 0 
7f9fee6ed000-7f9fee7eb000 rw-p 00000000 00:00 0 
7f9fee7eb000-7f9fee7ee000 ---p 00000000 00:00 0 
7f9fee7ee000-7f9fee8ec000 rw-p 00000000 00:00 0 
7f9fee8ec000-7f9fee8ef000 ---p 00000000 00:00 0 
7f9fee8ef000-7f9fee9ed000 rw-p 00000000 00:00 0 
7f9fee9ed000-7f9fee9f0000 ---p 00000000 00:00 0 
7f9fee9f0000-7f9feeaee000 rw-p 00000000 00:00 0 
7f9feeaee000-7f9feeaf1000 ---p 00000000 00:00 0 
7f9feeaf1000-7f9feebef000 rw-p 00000000 00:00 0 
7f9feebef000-7f9feebf2000 ---p 00000000 00:00 0 
7f9feebf2000-7f9feecf0000 rw-p 00000000 00:00 0 
7f9feecf0000-7f9feecf3000 ---p 00000000 00:00 0 
7f9feecf3000-7f9feeff1000 rw-p 00000000 00:00 0 
7f9feeff1000-7f9feeff4000 ---p 00000000 00:00 0 
7f9feeff4000-7f9fef0f2000 rw-p 00000000 00:00 0 
7f9fef0f2000-7f9fef0f5000 ---p 00000000 00:00 0 
7f9fef0f5000-7f9fef3f3000 rw-p 00000000 00:00 0 
7f9fef3f3000-7f9fef400000 r-xp 00000000 ca:01 69940                      /tmp/liblz4-java2641495977952036887.so
7f9fef400000-7f9fef5ff000 ---p 0000d000 ca:01 69940                      /tmp/liblz4-java2641495977952036887.so
7f9fef5ff000-7f9fef600000 rw-p 0000c000 ca:01 69940                      /tmp/liblz4-java2641495977952036887.so
7f9fef600000-7f9fef800000 rw-p 00000000 00:00 0 
7f9fef800000-7f9fefa00000 rw-p 00000000 00:00 0 
7f9fefa00000-7f9fefc00000 rw-p 00000000 00:00 0 
7f9fefc00000-7f9fefe00000 rw-p 00000000 00:00 0 
7f9fefe00000-7f9ff0000000 rw-p 00000000 00:00 0 
7f9ff0000000-7f9ff0021000 rw-p 00000000 00:00 0 
7f9ff0021000-7f9ff4000000 ---p 00000000 00:00 0 
7f9ff409b000-7f9ff429b000 rw-p 00000000 00:00 0 
7f9ff429b000-7f9ff449b000 rw-p 00000000 00:00 0 
7f9ff449b000-7f9ff469b000 rw-p 00000000 00:00 0 
7f9ff469b000-7f9ff489b000 rw-p 00000000 00:00 0 
7f9ff489b000-7f9ff4a9b000 rw-p 00000000 00:00 0 
7f9ff4a9b000-7f9ff4a9e000 ---p 00000000 00:00 0 
7f9ff4a9e000-7f9ff4d9c000 rw-p 00000000 00:00 0 
7f9ff4d9c000-7f9ff4d9f000 ---p 00000000 00:00 0 
7f9ff4d9f000-7f9ff509d000 rw-p 00000000 00:00 0 
7f9ff509d000-7f9ff529d000 rw-p 00000000 00:00 0 
7f9ff529d000-7f9ff549b000 rw-p 00000000 00:00 0 
7f9ff549b000-7f9ff549d000 ---p 00000000 00:00 0 
7f9ff549d000-7f9ff54a0000 ---p 00000000 00:00 0 
7f9ff54a0000-7f9ff559e000 rw-p 00000000 00:00 0 
7f9ff559e000-7f9ff55a1000 ---p 00000000 00:00 0 
7f9ff55a1000-7f9ff569f000 rw-p 00000000 00:00 0 
7f9ff569f000-7f9ff56a2000 ---p 00000000 00:00 0 
7f9ff56a2000-7f9ff57a0000 rw-p 00000000 00:00 0 
7f9ff57a0000-7f9ff57a3000 ---p 00000000 00:00 0 
7f9ff57a3000-7f9ff58a1000 rw-p 00000000 00:00 0 
7f9ff58a1000-7f9ff58a4000 ---p 00000000 00:00 0 
7f9ff58a4000-7f9ff5ba2000 rw-p 00000000 00:00 0 
7f9ff5ba2000-7f9ff5ba5000 ---p 00000000 00:00 0 
7f9ff5ba5000-7f9ff5ca3000 rw-p 00000000 00:00 0 
7f9ff5cea000-7f9ff5eea000 rw-p 00000000 00:00 0 
7f9ff5eea000-7f9ff5eed000 ---p 00000000 00:00 0 
7f9ff5eed000-7f9ff5feb000 rw-p 00000000 00:00 0 
7f9ff60e7000-7f9ff60ea000 ---p 00000000 00:00 0 
7f9ff60ea000-7f9ff61e8000 rw-p 00000000 00:00 0 
7f9ff61e8000-7f9ff61eb000 ---p 00000000 00:00 0 
7f9ff61eb000-7f9ff62e9000 rw-p 00000000 00:00 0 
7f9ff62e9000-7f9ff62ec000 ---p 00000000 00:00 0 
7f9ff62ec000-7f9ff63ea000 rw-p 00000000 00:00 0 
7f9ff63ea000-7f9ff63ed000 ---p 00000000 00:00 0 
7f9ff63ed000-7f9ff64eb000 rw-p 00000000 00:00 0 
7f9ff64eb000-7f9ff64ee000 ---p 00000000 00:00 0 
7f9ff64ee000-7f9ff67ec000 rw-p 00000000 00:00 0 
7f9ff67ec000-7f9ff67ef000 ---p 00000000 00:00 0 
7f9ff67ef000-7f9ff68ed000 rw-p 00000000 00:00 0 
7f9ff68ed000-7f9ff68f0000 ---p 00000000 00:00 0 
7f9ff68f0000-7f9ff69ee000 rw-p 00000000 00:00 0 
7f9ff69ee000-7f9ff69f1000 ---p 00000000 00:00 0 
7f9ff69f1000-7f9ff6aef000 rw-p 00000000 00:00 0 
7f9ff6aef000-7f9ff6af2000 ---p 00000000 00:00 0 
7f9ff6af2000-7f9ff6bf0000 rw-p 00000000 00:00 0 
7f9ff6bf0000-7f9ff6bf3000 ---p 00000000 00:00 0 
7f9ff6bf3000-7f9ff6cf1000 rw-p 00000000 00:00 0 
7f9ff6cf1000-7f9ff6cf4000 ---p 00000000 00:00 0 
7f9ff6cf4000-7f9ff6df2000 rw-p 00000000 00:00 0 
7f9ff6df2000-7f9ff6df5000 ---p 00000000 00:00 0 
7f9ff6df5000-7f9ff6ef3000 rw-p 00000000 00:00 0 
7f9ff6ef3000-7f9ff6ef6000 ---p 00000000 00:00 0 
7f9ff6ef6000-7f9ff6ff4000 rw-p 00000000 00:00 0 
7f9ff6ff4000-7f9ff6ff7000 ---p 00000000 00:00 0 
7f9ff6ff7000-7f9ff72f5000 rw-p 00000000 00:00 0 
7f9ff72f5000-7f9ff72f8000 ---p 00000000 00:00 0 
7f9ff72f8000-7f9ff73f6000 rw-p 00000000 00:00 0 
7f9ff73f6000-7f9ff73f9000 ---p 00000000 00:00 0 
7f9ff73f9000-7f9ff74f7000 rw-p 00000000 00:00 0 
7f9ff74f7000-7f9ff74fa000 ---p 00000000 00:00 0 
7f9ff74fa000-7f9ff75f8000 rw-p 00000000 00:00 0 
7f9ff75f8000-7f9ff75fb000 ---p 00000000 00:00 0 
7f9ff75fb000-7f9ff76f9000 rw-p 00000000 00:00 0 
7f9ff76f9000-7f9ff76fc000 ---p 00000000 00:00 0 
7f9ff76fc000-7f9ff77fa000 rw-p 00000000 00:00 0 
7f9ff77fa000-7f9ff77fd000 ---p 00000000 00:00 0 
7f9ff77fd000-7f9ff78fb000 rw-p 00000000 00:00 0 
7f9ff78fb000-7f9ff78fe000 ---p 00000000 00:00 0 
7f9ff78fe000-7f9ff79fc000 rw-p 00000000 00:00 0 
7f9ff79fc000-7f9ff79ff000 ---p 00000000 00:00 0 
7f9ff79ff000-7f9ff7afd000 rw-p 00000000 00:00 0 
7f9ff7afd000-7f9ff7b00000 ---p 00000000 00:00 0 
7f9ff7b00000-7f9ff7bfe000 rw-p 00000000 00:00 0 
7f9ff7bfe000-7f9ff7c01000 ---p 00000000 00:00 0 
7f9ff7c01000-7f9ff7eff000 rw-p 00000000 00:00 0 
7f9ff7eff000-7f9ff7f02000 ---p 00000000 00:00 0 
7f9ff7f02000-7f9ff8000000 rw-p 00000000 00:00 0 
7f9ff8000000-7f9ff9b98000 rw-p 00000000 00:00 0 
7f9ff9b98000-7f9ffc000000 ---p 00000000 00:00 0 
7f9ffc000000-7f9ffcf2c000 rw-p 00000000 00:00 0 
7f9ffcf2c000-7fa000000000 ---p 00000000 00:00 0 
7fa000000000-7fa00007d000 rw-p 00000000 00:00 0 
7fa00007d000-7fa004000000 ---p 00000000 00:00 0 
7fa0040f9000-7fa0040fc000 r--s 0001a000 ca:01 21013777                   /usr/java/jdk1.8.0_161/jre/lib/jce.jar
7fa0040fc000-7fa0040ff000 ---p 00000000 00:00 0 
7fa0040ff000-7fa0043fd000 rw-p 00000000 00:00 0 
7fa0043fd000-7fa004400000 ---p 00000000 00:00 0 
7fa004400000-7fa0044fe000 rw-p 00000000 00:00 0 
7fa0044fe000-7fa00450f000 r-xp 00000000 ca:01 25456372                   /usr/java/jdk1.8.0_161/jre/lib/amd64/libnio.so
7fa00450f000-7fa00470e000 ---p 00011000 ca:01 25456372                   /usr/java/jdk1.8.0_161/jre/lib/amd64/libnio.so
7fa00470e000-7fa00470f000 rw-p 00010000 ca:01 25456372                   /usr/java/jdk1.8.0_161/jre/lib/amd64/libnio.so
7fa00470f000-7fa004712000 ---p 00000000 00:00 0 
7fa004712000-7fa004a10000 rw-p 00000000 00:00 0 
7fa004a10000-7fa004a11000 r-xp 00000000 ca:01 25456355                   /usr/java/jdk1.8.0_161/jre/lib/amd64/libjaas_unix.so
7fa004a11000-7fa004c10000 ---p 00001000 ca:01 25456355                   /usr/java/jdk1.8.0_161/jre/lib/amd64/libjaas_unix.so
7fa004c10000-7fa004c11000 rw-p 00000000 ca:01 25456355                   /usr/java/jdk1.8.0_161/jre/lib/amd64/libjaas_unix.so
7fa004c11000-7fa004e11000 rw-p 00000000 00:00 0 
7fa004e11000-7fa004e1a000 r-xp 00000000 ca:01 25456377                   /usr/java/jdk1.8.0_161/jre/lib/amd64/libmanagement.so
7fa004e1a000-7fa005019000 ---p 00009000 ca:01 25456377                   /usr/java/jdk1.8.0_161/jre/lib/amd64/libmanagement.so
7fa005019000-7fa00501a000 rw-p 00008000 ca:01 25456377                   /usr/java/jdk1.8.0_161/jre/lib/amd64/libmanagement.so
7fa00501a000-7fa00521a000 rw-p 00000000 00:00 0 
7fa00521a000-7fa00522c000 r-xp 00000000 ca:01 220941                     /usr/lib64/libresolv-2.26.so
7fa00522c000-7fa00542c000 ---p 00012000 ca:01 220941                     /usr/lib64/libresolv-2.26.so
7fa00542c000-7fa00542d000 r--p 00012000 ca:01 220941                     /usr/lib64/libresolv-2.26.so
7fa00542d000-7fa00542e000 rw-p 00013000 ca:01 220941                     /usr/lib64/libresolv-2.26.so
7fa00542e000-7fa005430000 rw-p 00000000 00:00 0 
7fa005430000-7fa00c000000 r--p 00000000 ca:01 13465367                   /usr/lib/locale/locale-archive
7fa00c000000-7fa00c02b000 rw-p 00000000 00:00 0 
7fa00c02b000-7fa010000000 ---p 00000000 00:00 0 
7fa010000000-7fa0111c0000 rw-p 00000000 00:00 0 
7fa0111c0000-7fa014000000 ---p 00000000 00:00 0 
7fa014000000-7fa014182000 rw-p 00000000 00:00 0 
7fa014182000-7fa018000000 ---p 00000000 00:00 0 
7fa018002000-7fa018005000 ---p 00000000 00:00 0 
7fa018005000-7fa018103000 rw-p 00000000 00:00 0 
7fa018103000-7fa018106000 ---p 00000000 00:00 0 
7fa018106000-7fa01813c000 rw-p 00000000 00:00 0 
7fa01813c000-7fa018141000 r-xp 00000000 ca:01 220935                     /usr/lib64/libnss_dns-2.26.so
7fa018141000-7fa018340000 ---p 00005000 ca:01 220935                     /usr/lib64/libnss_dns-2.26.so
7fa018340000-7fa018341000 r--p 00004000 ca:01 220935                     /usr/lib64/libnss_dns-2.26.so
7fa018341000-7fa018342000 rw-p 00005000 ca:01 220935                     /usr/lib64/libnss_dns-2.26.so
7fa018343000-7fa018348000 r--s 0009d000 ca:01 21013751                   /usr/java/jdk1.8.0_161/jre/lib/jsse.jar
7fa018348000-7fa01835e000 r-xp 00000000 ca:01 25456369                   /usr/java/jdk1.8.0_161/jre/lib/amd64/libnet.so
7fa01835e000-7fa01855e000 ---p 00016000 ca:01 25456369                   /usr/java/jdk1.8.0_161/jre/lib/amd64/libnet.so
7fa01855e000-7fa01855f000 rw-p 00016000 ca:01 25456369                   /usr/java/jdk1.8.0_161/jre/lib/amd64/libnet.so
7fa01855f000-7fa01875f000 rw-p 00000000 00:00 0 
7fa01875f000-7fa018760000 r--s 00007000 ca:01 5459496                    /home/ec2-user/spark-2.4.4-bin-hadoop2.7/jars/jackson-module-jaxb-annotations-2.6.7.jar
7fa018760000-7fa018762000 r--s 00009000 ca:01 5459495                    /home/ec2-user/spark-2.4.4-bin-hadoop2.7/jars/jackson-module-paranamer-2.7.9.jar
7fa018762000-7fa01876f000 r--s 00071000 ca:01 5459494                    /home/ec2-user/spark-2.4.4-bin-hadoop2.7/jars/jackson-module-scala_2.11-2.6.7.1.jar
7fa01876f000-7fa018770000 r--s 00006000 ca:01 5459493                    /home/ec2-user/spark-2.4.4-bin-hadoop2.7/jars/jackson-xc-1.9.13.jar
7fa018770000-7fa01877b000 r--s 000b9000 ca:01 5459492                    /home/ec2-user/spark-2.4.4-bin-hadoop2.7/jars/janino-3.0.9.jar
7fa01877b000-7fa018785000 r--s 000a5000 ca:01 5459491                    /home/ec2-user/spark-2.4.4-bin-hadoop2.7/jars/javassist-3.18.1-GA.jar
7fa018785000-7fa018787000 r--s 00005000 ca:01 5459490                    /home/ec2-user/spark-2.4.4-bin-hadoop2.7/jars/javax.annotation-api-1.2.jar
7fa018787000-7fa018788000 r--s 00000000 ca:01 5459489                    /home/ec2-user/spark-2.4.4-bin-hadoop2.7/jars/javax.inject-1.jar
7fa018788000-7fa018789000 r--s 00001000 ca:01 5459488                    /home/ec2-user/spark-2.4.4-bin-hadoop2.7/jars/javax.inject-2.4.0-b34.jar
7fa018789000-7fa01878c000 r--s 00015000 ca:01 5377919                    /home/ec2-user/spark-2.4.4-bin-hadoop2.7/jars/javax.servlet-api-3.1.0.jar
7fa01878c000-7fa018790000 r--s 00019000 ca:01 5377918                    /home/ec2-user/spark-2.4.4-bin-hadoop2.7/jars/javax.ws.rs-api-2.0.1.jar
7fa018790000-7fa018798000 r--s 00059000 ca:01 5377917                    /home/ec2-user/spark-2.4.4-bin-hadoop2.7/jars/javolution-5.5.1.jar
7fa018798000-7fa01879b000 r--s 00017000 ca:01 5377916                    /home/ec2-user/spark-2.4.4-bin-hadoop2.7/jars/jaxb-api-2.2.2.jar
7fa01879b000-7fa01879d000 r--s 00003000 ca:01 5377915                    /home/ec2-user/spark-2.4.4-bin-hadoop2.7/jars/jcl-over-slf4j-1.7.16.jar
7fa01879d000-7fa0187a3000 r--s 0002c000 ca:01 5377914                    /home/ec2-user/spark-2.4.4-bin-hadoop2.7/jars/jdo-api-3.0.1.jar
7fa0187a3000-7fa0187a7000 r--s 00025000 ca:01 5377913                    /home/ec2-user/spark-2.4.4-bin-hadoop2.7/jars/jersey-client-2.22.2.jar
7fa0187a7000-7fa0187b5000 r--s 0009d000 ca:01 5377912                    /home/ec2-user/spark-2.4.4-bin-hadoop2.7/jars/jersey-common-2.22.2.jar
7fa0187b5000-7fa0187b7000 r--s 00003000 ca:01 5377911                    /home/ec2-user/spark-2.4.4-bin-hadoop2.7/jars/jersey-container-servlet-2.22.2.jar
7fa0187b7000-7fa0187ba000 r--s 0000e000 ca:01 5377910                    /home/ec2-user/spark-2.4.4-bin-hadoop2.7/jars/jersey-container-servlet-core-2.22.2.jar
7fa0187ba000-7fa0187d2000 r--s 000d6000 ca:01 5377909                    /home/ec2-user/spark-2.4.4-bin-hadoop2.7/jars/jersey-guava-2.22.2.jar
7fa0187d2000-7fa0187d4000 r--s 00010000 ca:01 5377908                    /home/ec2-user/spark-2.4.4-bin-hadoop2.7/jars/jersey-media-jaxb-2.22.2.jar
7fa0187d4000-7fa0187ea000 r--s 000d3000 ca:01 5377907                    /home/ec2-user/spark-2.4.4-bin-hadoop2.7/jars/jersey-server-2.22.2.jar
7fa0187ea000-7fa0187f1000 r--s 0007d000 ca:01 5377906                    /home/ec2-user/spark-2.4.4-bin-hadoop2.7/jars/jetty-6.1.26.jar
7fa0187f1000-7fa0187f5000 r--s 00028000 ca:01 5377905                    /home/ec2-user/spark-2.4.4-bin-hadoop2.7/jars/jetty-util-6.1.26.jar
7fa0187f5000-7fa0187f9000 r--s 0003e000 ca:01 5377904                    /home/ec2-user/spark-2.4.4-bin-hadoop2.7/jars/jline-2.14.6.jar
7fa0187f9000-7fa01880a000 r--s 00089000 ca:01 5377903                    /home/ec2-user/spark-2.4.4-bin-hadoop2.7/jars/joda-time-2.9.3.jar
7fa01880a000-7fa018810000 r--s 00063000 ca:01 5377902                    /home/ec2-user/spark-2.4.4-bin-hadoop2.7/jars/jodd-core-3.5.2.jar
7fa018810000-7fa018811000 r--s 00002000 ca:01 5377901                    /home/ec2-user/spark-2.4.4-bin-hadoop2.7/jars/jpam-1.1.jar
7fa018811000-7fa018814000 r--s 00014000 ca:01 5377900                    /home/ec2-user/spark-2.4.4-bin-hadoop2.7/jars/json4s-ast_2.11-3.5.3.jar
7fa018814000-7fa018821000 r--s 0009c000 ca:01 5377899                    /home/ec2-user/spark-2.4.4-bin-hadoop2.7/jars/json4s-core_2.11-3.5.3.jar
7fa018821000-7fa018823000 r--s 0000a000 ca:01 5377898                    /home/ec2-user/spark-2.4.4-bin-hadoop2.7/jars/json4s-jackson_2.11-3.5.3.jar
7fa018823000-7fa018831000 r--s 00089000 ca:01 5377897                    /home/ec2-user/spark-2.4.4-bin-hadoop2.7/jars/json4s-scalap_2.11-3.5.3.jar
7fa018831000-7fa018834000 r--s 00016000 ca:01 5377896                    /home/ec2-user/spark-2.4.4-bin-hadoop2.7/jars/jsp-api-2.1.jar
7fa018834000-7fa018837000 r--s 00006000 ca:01 5377895                    /home/ec2-user/spark-2.4.4-bin-hadoop2.7/jars/jsr305-1.3.9.jar
7fa018837000-7fa018838000 r--s 00003000 ca:01 5377894                    /home/ec2-user/spark-2.4.4-bin-hadoop2.7/jars/jta-1.1.jar
7fa018838000-7fa018843000 r--s 000b0000 ca:01 5377893                    /home/ec2-user/spark-2.4.4-bin-hadoop2.7/jars/jtransforms-2.4.0.jar
7fa018843000-7fa018845000 r--s 00000000 ca:01 5377892                    /home/ec2-user/spark-2.4.4-bin-hadoop2.7/jars/jul-to-slf4j-1.7.16.jar
7fa018845000-7fa01884d000 r--s 0005d000 ca:01 5377891                    /home/ec2-user/spark-2.4.4-bin-hadoop2.7/jars/kryo-shaded-4.0.2.jar
7fa01884d000-7fa018858000 r--s 0007a000 ca:01 5377890                    /home/ec2-user/spark-2.4.4-bin-hadoop2.7/jars/kubernetes-client-4.1.2.jar
7fa018858000-7fa018934000 r--s 00818000 ca:01 5377889                    /home/ec2-user/spark-2.4.4-bin-hadoop2.7/jars/kubernetes-model-4.1.2.jar
7fa018934000-7fa018935000 r--s 00000000 ca:01 5377888                    /home/ec2-user/spark-2.4.4-bin-hadoop2.7/jars/kubernetes-model-common-4.1.2.jar
7fa018935000-7fa018938000 r--s 000fd000 ca:01 5377887                    /home/ec2-user/spark-2.4.4-bin-hadoop2.7/jars/leveldbjni-all-1.8.jar
7fa018938000-7fa01893f000 r--s 00046000 ca:01 5377886                    /home/ec2-user/spark-2.4.4-bin-hadoop2.7/jars/libfb303-0.9.3.jar
7fa01893f000-7fa018945000 r--s 00034000 ca:01 5377885                    /home/ec2-user/spark-2.4.4-bin-hadoop2.7/jars/libthrift-0.9.3.jar
7fa018945000-7fa01894e000 r--s 0006f000 ca:01 5377884                    /home/ec2-user/spark-2.4.4-bin-hadoop2.7/jars/log4j-1.2.17.jar
7fa01894e000-7fa018950000 r--s 00002000 ca:01 5377883                    /home/ec2-user/spark-2.4.4-bin-hadoop2.7/jars/logging-interceptor-3.12.0.jar
7fa018950000-7fa018953000 r--s 00058000 ca:01 5377882                    /home/ec2-user/spark-2.4.4-bin-hadoop2.7/jars/lz4-java-1.4.0.jar
7fa018953000-7fa018954000 r--s 00008000 ca:01 5377881                    /home/ec2-user/spark-2.4.4-bin-hadoop2.7/jars/machinist_2.11-0.6.1.jar
7fa018954000-7fa018955000 r--s 00000000 ca:01 5377880                    /home/ec2-user/spark-2.4.4-bin-hadoop2.7/jars/macro-compat_2.11-1.1.1.jar
7fa018955000-7fa018996000 r--s 006c0000 ca:01 5377879                    /home/ec2-user/spark-2.4.4-bin-hadoop2.7/jars/mesos-1.4.0-shaded-protobuf.jar
7fa018996000-7fa01899a000 r--s 0001a000 ca:01 5377878                    /home/ec2-user/spark-2.4.4-bin-hadoop2.7/jars/metrics-core-3.1.5.jar
7fa01899a000-7fa01899c000 r--s 00004000 ca:01 5377877                    /home/ec2-user/spark-2.4.4-bin-hadoop2.7/jars/metrics-graphite-3.1.5.jar
7fa01899c000-7fa01899d000 r--s 00003000 ca:01 5377876                    /home/ec2-user/spark-2.4.4-bin-hadoop2.7/jars/metrics-json-3.1.5.jar
7fa01899d000-7fa01899f000 r--s 00008000 ca:01 5377875                    /home/ec2-user/spark-2.4.4-bin-hadoop2.7/jars/metrics-jvm-3.1.5.jar
7fa01899f000-7fa0189a0000 r--s 00001000 ca:01 5377874                    /home/ec2-user/spark-2.4.4-bin-hadoop2.7/jars/minlog-1.3.0.jar
7fa0189a0000-7fa0189b9000 r--s 0012c000 ca:01 5377873                    /home/ec2-user/spark-2.4.4-bin-hadoop2.7/jars/netty-3.9.9.Final.jar
7fa0189b9000-7fa0189fa000 r--s 0035a000 ca:01 5377872                    /home/ec2-user/spark-2.4.4-bin-hadoop2.7/jars/netty-all-4.1.17.Final.jar
7fa0189fa000-7fa0189fd000 r--s 0000b000 ca:01 5377871                    /home/ec2-user/spark-2.4.4-bin-hadoop2.7/jars/objenesis-2.5.1.jar
7fa0189fd000-7fa018a03000 r--s 0005c000 ca:01 5377870                    /home/ec2-user/spark-2.4.4-bin-hadoop2.7/jars/okhttp-3.8.1.jar
7fa018a03000-7fa018a04000 r--s 00013000 ca:01 5377869                    /home/ec2-user/spark-2.4.4-bin-hadoop2.7/jars/okio-1.13.0.jar
7fa018a04000-7fa018a05000 r--s 00004000 ca:01 5377868                    /home/ec2-user/spark-2.4.4-bin-hadoop2.7/jars/opencsv-2.3.jar
7fa018a05000-7fa018a19000 r--s 0016b000 ca:01 5377867                    /home/ec2-user/spark-2.4.4-bin-hadoop2.7/jars/orc-core-1.5.5-nohive.jar
7fa018a19000-7fa018a24000 r--s 000bc000 ca:01 5377866                    /home/ec2-user/spark-2.4.4-bin-hadoop2.7/jars/orc-mapreduce-1.5.5-nohive.jar
7fa018a24000-7fa018a25000 r--s 00006000 ca:01 5377865                    /home/ec2-user/spark-2.4.4-bin-hadoop2.7/jars/orc-shims-1.5.5.jar
7fa018a25000-7fa018a27000 r--s 0000e000 ca:01 5377864                    /home/ec2-user/spark-2.4.4-bin-hadoop2.7/jars/oro-2.0.8.jar
7fa018a27000-7fa018a28000 r--s 00004000 ca:01 5377863                    /home/ec2-user/spark-2.4.4-bin-hadoop2.7/jars/osgi-resource-locator-1.0.1.jar
7fa018a28000-7fa018a2a000 r--s 00007000 ca:01 5377862                    /home/ec2-user/spark-2.4.4-bin-hadoop2.7/jars/paranamer-2.8.jar
7fa018a2a000-7fa018a43000 r--s 000f4000 ca:01 5377861                    /home/ec2-user/spark-2.4.4-bin-hadoop2.7/jars/parquet-column-1.10.1.jar
7fa018a43000-7fa018a47000 r--s 00014000 ca:01 5377860                    /home/ec2-user/spark-2.4.4-bin-hadoop2.7/jars/parquet-common-1.10.1.jar
7fa018a47000-7fa018a52000 r--s 000c5000 ca:01 5377859                    /home/ec2-user/spark-2.4.4-bin-hadoop2.7/jars/parquet-encoding-1.10.1.jar
7fa018a52000-7fa018a60000 r--s 000a3000 ca:01 5377858                    /home/ec2-user/spark-2.4.4-bin-hadoop2.7/jars/parquet-format-2.4.0.jar
7fa018a60000-7fa018a65000 r--s 00041000 ca:01 5377857                    /home/ec2-user/spark-2.4.4-bin-hadoop2.7/jars/parquet-hadoop-1.10.1.jar
7fa018a65000-7fa018a99000 r--s 00277000 ca:01 5377856                    /home/ec2-user/spark-2.4.4-bin-hadoop2.7/jars/parquet-hadoop-bundle-1.6.0.jar
7fa018a99000-7fa018aad000 r--s 000ec000 ca:01 5250239                    /home/ec2-user/spark-2.4.4-bin-hadoop2.7/jars/parquet-jackson-1.10.1.jar
7fa018aad000-7fa018ab5000 r--s 0007b000 ca:01 5250238                    /home/ec2-user/spark-2.4.4-bin-hadoop2.7/jars/protobuf-java-2.5.0.jar
7fa018ab5000-7fa018ab7000 r--s 0001c000 ca:01 5250237                    /home/ec2-user/spark-2.4.4-bin-hadoop2.7/jars/py4j-0.10.7.jar
7fa018ab7000-7fa018aba000 r--s 00015000 ca:01 5250236                    /home/ec2-user/spark-2.4.4-bin-hadoop2.7/jars/pyrolite-4.13.jar
7fa018aba000-7fa018bc7000 r--s 00dd7000 ca:01 5250235                    /home/ec2-user/spark-2.4.4-bin-hadoop2.7/jars/scala-compiler-2.11.12.jar
7fa018bc7000-7fa018c20000 r--s 00523000 ca:01 5250234                    /home/ec2-user/spark-2.4.4-bin-hadoop2.7/jars/scala-library-2.11.12.jar
7fa018c20000-7fa018c2c000 r--s 00068000 ca:01 5250233                    /home/ec2-user/spark-2.4.4-bin-hadoop2.7/jars/scala-parser-combinators_2.11-1.1.0.jar
7fa018c2c000-7fa018c79000 r--s 0041c000 ca:01 5250232                    /home/ec2-user/spark-2.4.4-bin-hadoop2.7/jars/scala-reflect-2.11.12.jar
7fa018c79000-7fa018c83000 r--s 0009a000 ca:01 5250231                    /home/ec2-user/spark-2.4.4-bin-hadoop2.7/jars/scala-xml_2.11-1.0.5.jar
7fa018c83000-7fa018cc9000 r--s 00317000 ca:01 5250230                    /home/ec2-user/spark-2.4.4-bin-hadoop2.7/jars/shapeless_2.11-2.3.2.jar
7fa018cc9000-7fa018cca000 r--s 00000000 ca:01 5250229                    /home/ec2-user/spark-2.4.4-bin-hadoop2.7/jars/shims-0.7.45.jar
7fa018cca000-7fa018ccb000 r--s 00009000 ca:01 5250228                    /home/ec2-user/spark-2.4.4-bin-hadoop2.7/jars/slf4j-api-1.7.16.jar
7fa018ccb000-7fa018ccc000 r--s 00002000 ca:01 5250227                    /home/ec2-user/spark-2.4.4-bin-hadoop2.7/jars/slf4j-log4j12-1.7.16.jar
7fa018ccc000-7fa018cd2000 r--s 0003c000 ca:01 5250226                    /home/ec2-user/spark-2.4.4-bin-hadoop2.7/jars/snakeyaml-1.15.jar
7fa018cd2000-7fa018d8f000 r--s 00904000 ca:01 5250223                    /home/ec2-user/spark-2.4.4-bin-hadoop2.7/jars/spark-catalyst_2.11-2.4.4.jar
7fa018d8f000-7fa018e85000 r--s 00bf1000 ca:01 5250222                    /home/ec2-user/spark-2.4.4-bin-hadoop2.7/jars/spark-core_2.11-2.4.4.jar
7fa018e85000-7fa018ea7000 r--s 0019a000 ca:01 5250220                    /home/ec2-user/spark-2.4.4-bin-hadoop2.7/jars/spark-hive-thriftserver_2.11-2.4.4.jar
7fa018ea7000-7fa018f3a000 r--s 00715000 ca:01 5250213                    /home/ec2-user/spark-2.4.4-bin-hadoop2.7/jars/spark-mllib_2.11-2.4.4.jar
7fa018f3a000-7fa019000000 r--s 008a8000 ca:01 5250208                    /home/ec2-user/spark-2.4.4-bin-hadoop2.7/jars/spark-sql_2.11-2.4.4.jar
7fa019000000-7fa01a2a0000 rwxp 00000000 00:00 0 
7fa01a2b0000-7fa028000000 ---p 00000000 00:00 0 
7fa028000000-7fa0290f3000 rw-p 00000000 00:00 0 
7fa0290f3000-7fa02c000000 ---p 00000000 00:00 0 
7fa02c000000-7fa02c001000 r--s 0000b000 ca:01 5250225                    /home/ec2-user/spark-2.4.4-bin-hadoop2.7/jars/snappy-0.2.jar
7fa02c001000-7fa02c004000 r--s 001eb000 ca:01 5250224                    /home/ec2-user/spark-2.4.4-bin-hadoop2.7/jars/snappy-java-1.1.7.3.jar
7fa02c004000-7fa02c011000 r--s 000a0000 ca:01 5250221                    /home/ec2-user/spark-2.4.4-bin-hadoop2.7/jars/spark-graphx_2.11-2.4.4.jar
7fa02c011000-7fa02c02c000 r--s 0012d000 ca:01 5250219                    /home/ec2-user/spark-2.4.4-bin-hadoop2.7/jars/spark-hive_2.11-2.4.4.jar
7fa02c02c000-7fa02c039000 r--s 00077000 ca:01 5250218                    /home/ec2-user/spark-2.4.4-bin-hadoop2.7/jars/spark-kubernetes_2.11-2.4.4.jar
7fa02c039000-7fa02c03b000 r--s 0000c000 ca:01 5250217                    /home/ec2-user/spark-2.4.4-bin-hadoop2.7/jars/spark-kvstore_2.11-2.4.4.jar
7fa02c03b000-7fa02c03d000 r--s 00011000 ca:01 5250216                    /home/ec2-user/spark-2.4.4-bin-hadoop2.7/jars/spark-launcher_2.11-2.4.4.jar
7fa02c03d000-7fa02c04f000 r--s 00096000 ca:01 5250215                    /home/ec2-user/spark-2.4.4-bin-hadoop2.7/jars/spark-mesos_2.11-2.4.4.jar
7fa02c04f000-7fa02c053000 r--s 00029000 ca:01 5250214                    /home/ec2-user/spark-2.4.4-bin-hadoop2.7/jars/spark-mllib-local_2.11-2.4.4.jar
7fa02c053000-7fa02c082000 r--s 0021a000 ca:01 5250212                    /home/ec2-user/spark-2.4.4-bin-hadoop2.7/jars/spark-network-common_2.11-2.4.4.jar
7fa02c082000-7fa02c085000 r--s 0000f000 ca:01 5250211                    /home/ec2-user/spark-2.4.4-bin-hadoop2.7/jars/spark-network-shuffle_2.11-2.4.4.jar
7fa02c085000-7fa02c089000 r--s 0001e000 ca:01 5250210                    /home/ec2-user/spark-2.4.4-bin-hadoop2.7/jars/spark-repl_2.11-2.4.4.jar
7fa02c089000-7fa02c08b000 r--s 00006000 ca:01 5250209                    /home/ec2-user/spark-2.4.4-bin-hadoop2.7/jars/spark-sketch_2.11-2.4.4.jar
7fa02c08b000-7fa02c0bb000 r--s 001e3000 ca:01 5250207                    /home/ec2-user/spark-2.4.4-bin-hadoop2.7/jars/spark-streaming_2.11-2.4.4.jar
7fa02c0bb000-7fa02c0bd000 r--s 00001000 ca:01 5250206                    /home/ec2-user/spark-2.4.4-bin-hadoop2.7/jars/spark-tags_2.11-2.4.4-tests.jar
7fa02c0bd000-7fa02c0be000 r--s 00003000 ca:01 5250205                    /home/ec2-user/spark-2.4.4-bin-hadoop2.7/jars/spark-tags_2.11-2.4.4.jar
7fa02c0be000-7fa02c0c0000 r--s 0000b000 ca:01 5250204                    /home/ec2-user/spark-2.4.4-bin-hadoop2.7/jars/spark-unsafe_2.11-2.4.4.jar
7fa02c0c0000-7fa02c0d0000 r--s 00095000 ca:01 5250203                    /home/ec2-user/spark-2.4.4-bin-hadoop2.7/jars/spark-yarn_2.11-2.4.4.jar
7fa02c0d0000-7fa02c0d2000 r--s 00014000 ca:01 5250202                    /home/ec2-user/spark-2.4.4-bin-hadoop2.7/jars/spire-macros_2.11-0.13.0.jar
7fa02c0d2000-7fa02c13d000 r--s 0093d000 ca:01 5250201                    /home/ec2-user/spark-2.4.4-bin-hadoop2.7/jars/spire_2.11-0.13.0.jar
7fa02c13d000-7fa02c13f000 r--s 00004000 ca:01 5250200                    /home/ec2-user/spark-2.4.4-bin-hadoop2.7/jars/stax-api-1.0-2.jar
7fa02c13f000-7fa02c141000 r--s 00005000 ca:01 5250199                    /home/ec2-user/spark-2.4.4-bin-hadoop2.7/jars/stax-api-1.0.1.jar
7fa02c141000-7fa02c144000 r--s 00028000 ca:01 5250198                    /home/ec2-user/spark-2.4.4-bin-hadoop2.7/jars/stream-2.7.0.jar
7fa02c144000-7fa02c147000 r--s 00022000 ca:01 5250197                    /home/ec2-user/spark-2.4.4-bin-hadoop2.7/jars/stringtemplate-3.2.1.jar
7fa02c147000-7fa02c14a000 r--s 00014000 ca:01 5250196                    /home/ec2-user/spark-2.4.4-bin-hadoop2.7/jars/super-csv-2.2.0.jar
7fa02c14a000-7fa02c152000 r--s 0005b000 ca:01 5250195                    /home/ec2-user/spark-2.4.4-bin-hadoop2.7/jars/univocity-parsers-2.7.3.jar
7fa02c152000-7fa02c156000 r--s 0000c000 ca:01 5250194                    /home/ec2-user/spark-2.4.4-bin-hadoop2.7/jars/validation-api-1.1.0.Final.jar
7fa02c156000-7fa02c15b000 r--s 00041000 ca:01 5250193                    /home/ec2-user/spark-2.4.4-bin-hadoop2.7/jars/xbean-asm6-shaded-4.8.jar
7fa02c15b000-7fa02c173000 r--s 00115000 ca:01 5250192                    /home/ec2-user/spark-2.4.4-bin-hadoop2.7/jars/xercesImpl-2.9.1.jar
7fa02c173000-7fa02c174000 r--s 00003000 ca:01 5250191                    /home/ec2-user/spark-2.4.4-bin-hadoop2.7/jars/xmlenc-0.52.jar
7fa02c174000-7fa02c178000 r--s 00015000 ca:01 5250190                    /home/ec2-user/spark-2.4.4-bin-hadoop2.7/jars/xz-1.5.jar
7fa02c178000-7fa02c17a000 r--s 00007000 ca:01 5250189                    /home/ec2-user/spark-2.4.4-bin-hadoop2.7/jars/zjsonpatch-0.3.0.jar
7fa02c17a000-7fa02c186000 r--s 000b6000 ca:01 5250188                    /home/ec2-user/spark-2.4.4-bin-hadoop2.7/jars/zookeeper-3.4.6.jar
7fa02c186000-7fa02c188000 r--s 00238000 ca:01 5250187                    /home/ec2-user/spark-2.4.4-bin-hadoop2.7/jars/zstd-jni-1.3.2-2.jar
7fa02c188000-7fa02c18a000 r--s 00003000 ca:01 5250186                    /home/ec2-user/spark-2.4.4-bin-hadoop2.7/jars/JavaEWAH-0.3.2.jar
7fa02c18a000-7fa02c18e000 r--s 0004c000 ca:01 5250185                    /home/ec2-user/spark-2.4.4-bin-hadoop2.7/jars/RoaringBitmap-0.7.45.jar
7fa02c18e000-7fa02c192000 r--s 00036000 ca:01 5250184                    /home/ec2-user/spark-2.4.4-bin-hadoop2.7/jars/ST4-4.0.4.jar
7fa02c192000-7fa02c194000 r--s 0000f000 ca:01 5250183                    /home/ec2-user/spark-2.4.4-bin-hadoop2.7/jars/activation-1.1.1.jar
7fa02c194000-7fa02c197000 r--s 0001e000 ca:01 5250182                    /home/ec2-user/spark-2.4.4-bin-hadoop2.7/jars/aircompressor-0.10.jar
7fa02c197000-7fa02c19c000 r--s 00068000 ca:01 5250181                    /home/ec2-user/spark-2.4.4-bin-hadoop2.7/jars/antlr-2.7.7.jar
7fa02c19c000-7fa02c1a0000 r--s 00025000 ca:01 5250180                    /home/ec2-user/spark-2.4.4-bin-hadoop2.7/jars/antlr-runtime-3.4.jar
7fa02c1a0000-7fa02c1a6000 r--s 0004c000 ca:01 5250179                    /home/ec2-user/spark-2.4.4-bin-hadoop2.7/jars/antlr4-runtime-4.7.jar
7fa02c1a6000-7fa02c1a8000 r--s 00000000 ca:01 5250178                    /home/ec2-user/spark-2.4.4-bin-hadoop2.7/jars/aopalliance-1.0.jar
7fa02c1a8000-7fa02c1aa000 r--s 00002000 ca:01 5250177                    /home/ec2-user/spark-2.4.4-bin-hadoop2.7/jars/aopalliance-repackaged-2.4.0-b34.jar
7fa02c1aa000-7fa02c1b2000 r--s 00066000 ca:01 5250176                    /home/ec2-user/spark-2.4.4-bin-hadoop2.7/jars/apache-log4j-extras-1.2.17.jar
7fa02c1b2000-7fa02c1b3000 r--s 0000a000 ca:01 5168447                    /home/ec2-user/spark-2.4.4-bin-hadoop2.7/jars/apacheds-i18n-2.0.0-M15.jar
7fa02c1b3000-7fa02c1c5000 r--s 00097000 ca:01 5168446                    /home/ec2-user/spark-2.4.4-bin-hadoop2.7/jars/apacheds-kerberos-codec-2.0.0-M15.jar
7fa02c1c5000-7fa02c1c7000 r--s 00003000 ca:01 5168445                    /home/ec2-user/spark-2.4.4-bin-hadoop2.7/jars/api-asn1-api-1.0.0-M20.jar
7fa02c1c7000-7fa02c1c9000 r--s 00012000 ca:01 5168444                    /home/ec2-user/spark-2.4.4-bin-hadoop2.7/jars/api-util-1.0.0-M20.jar
7fa02c1c9000-7fa02c1db000 r--s 00112000 ca:01 5168443                    /home/ec2-user/spark-2.4.4-bin-hadoop2.7/jars/arpack_combined_all-0.1.jar
7fa02c1db000-7fa02c1dd000 r--s 0000b000 ca:01 5168442                    /home/ec2-user/spark-2.4.4-bin-hadoop2.7/jars/arrow-format-0.10.0.jar
7fa02c1dd000-7fa02c1df000 r--s 00012000 ca:01 5168441                    /home/ec2-user/spark-2.4.4-bin-hadoop2.7/jars/arrow-memory-0.10.0.jar
7fa02c1df000-7fa02c1ef000 r--s 00133000 ca:01 5168440                    /home/ec2-user/spark-2.4.4-bin-hadoop2.7/jars/arrow-vector-0.10.0.jar
7fa02c1ef000-7fa02c1f4000 r--s 00027000 ca:01 5168439                    /home/ec2-user/spark-2.4.4-bin-hadoop2.7/jars/automaton-1.11-8.jar
7fa02c1f4000-7fa02c215000 r--s 0015c000 ca:01 5168438                    /home/ec2-user/spark-2.4.4-bin-hadoop2.7/jars/avro-1.8.2.jar
7fa02c215000-7fa02c218000 r--s 0001e000 ca:01 5168437                    /home/ec2-user/spark-2.4.4-bin-hadoop2.7/jars/avro-ipc-1.8.2.jar
7fa02c218000-7fa02c21c000 r--s 0002a000 ca:01 5168436                    /home/ec2-user/spark-2.4.4-bin-hadoop2.7/jars/avro-mapred-1.8.2-hadoop2.jar
7fa02c21c000-7fa02c21f000 r--s 00019000 ca:01 5168435                    /home/ec2-user/spark-2.4.4-bin-hadoop2.7/jars/bonecp-0.8.0.RELEASE.jar
7fa02c21f000-7fa02c223000 r--s 0002a000 ca:01 5168434                    /home/ec2-user/spark-2.4.4-bin-hadoop2.7/jars/breeze-macros_2.11-0.13.2.jar
7fa02c223000-7fa02c246000 rw-p 00000000 00:00 0 
7fa02c246000-7fa02c31e000 r--s 00d92000 ca:01 5168433                    /home/ec2-user/spark-2.4.4-bin-hadoop2.7/jars/breeze_2.11-0.13.2.jar
7fa02c31e000-7fa02c325000 r--s 00039000 ca:01 5168432                    /home/ec2-user/spark-2.4.4-bin-hadoop2.7/jars/calcite-avatica-1.2.0-incubating.jar
7fa02c325000-7fa02c35c000 r--s 00325000 ca:01 5168431                    /home/ec2-user/spark-2.4.4-bin-hadoop2.7/jars/calcite-core-1.2.0-incubating.jar
7fa02c35c000-7fa02c367000 r--s 00062000 ca:01 5168430                    /home/ec2-user/spark-2.4.4-bin-hadoop2.7/jars/calcite-linq4j-1.2.0-incubating.jar
7fa02c367000-7fa02c369000 r--s 0000d000 ca:01 5168429                    /home/ec2-user/spark-2.4.4-bin-hadoop2.7/jars/chill-java-0.9.3.jar
7fa02c369000-7fa02c36e000 r--s 00035000 ca:01 5168428                    /home/ec2-user/spark-2.4.4-bin-hadoop2.7/jars/chill_2.11-0.9.3.jar
7fa02c36e000-7fa02c373000 r--s 00038000 ca:01 5168427                    /home/ec2-user/spark-2.4.4-bin-hadoop2.7/jars/commons-beanutils-1.9.3.jar
7fa02c373000-7fa02c375000 r--s 00009000 ca:01 5168426                    /home/ec2-user/spark-2.4.4-bin-hadoop2.7/jars/commons-cli-1.2.jar
7fa02c375000-7fa02c37c000 r--s 0003f000 ca:01 5168425                    /home/ec2-user/spark-2.4.4-bin-hadoop2.7/jars/commons-codec-1.10.jar
7fa02c37c000-7fa02c389000 r--s 00083000 ca:01 5168424                    /home/ec2-user/spark-2.4.4-bin-hadoop2.7/jars/commons-collections-3.2.2.jar
7fa02c389000-7fa02c38b000 r--s 00008000 ca:01 5168423                    /home/ec2-user/spark-2.4.4-bin-hadoop2.7/jars/commons-compiler-3.0.9.jar
7fa02c38b000-7fa02c392000 r--s 00053000 ca:01 5168422                    /home/ec2-user/spark-2.4.4-bin-hadoop2.7/jars/commons-compress-1.8.1.jar
7fa02c392000-7fa02c398000 r--s 00043000 ca:01 5168421                    /home/ec2-user/spark-2.4.4-bin-hadoop2.7/jars/commons-configuration-1.6.jar
7fa02c398000-7fa02c39a000 r--s 0001f000 ca:01 5168420                    /home/ec2-user/spark-2.4.4-bin-hadoop2.7/jars/commons-crypto-1.0.0.jar
7fa02c39a000-7fa02c39d000 r--s 00025000 ca:01 5168419                    /home/ec2-user/spark-2.4.4-bin-hadoop2.7/jars/commons-dbcp-1.4.jar
7fa02c39d000-7fa02c3a1000 r--s 00020000 ca:01 5168418                    /home/ec2-user/spark-2.4.4-bin-hadoop2.7/jars/commons-digester-1.8.jar
7fa02c3a1000-7fa02c3a7000 r--s 00045000 ca:01 5168417                    /home/ec2-user/spark-2.4.4-bin-hadoop2.7/jars/commons-httpclient-3.1.jar
7fa02c3a7000-7fa02c3ab000 r--s 0002a000 ca:01 5168416                    /home/ec2-user/spark-2.4.4-bin-hadoop2.7/jars/commons-io-2.4.jar
7fa02c3ab000-7fa02c3b0000 r--s 00041000 ca:01 5168415                    /home/ec2-user/spark-2.4.4-bin-hadoop2.7/jars/commons-lang-2.6.jar
7fa02c3b0000-7fa02c3b8000 r--s 0006e000 ca:01 5168414                    /home/ec2-user/spark-2.4.4-bin-hadoop2.7/jars/commons-lang3-3.5.jar
7fa02c3b8000-7fa02c3ba000 r--s 0000e000 ca:01 5168413                    /home/ec2-user/spark-2.4.4-bin-hadoop2.7/jars/commons-logging-1.1.3.jar
7fa02c3ba000-7fa02c3de000 r--s 001cd000 ca:01 5168412                    /home/ec2-user/spark-2.4.4-bin-hadoop2.7/jars/commons-math3-3.4.1.jar
7fa02c3de000-7fa02c3e3000 r--s 0003e000 ca:01 5168411                    /home/ec2-user/spark-2.4.4-bin-hadoop2.7/jars/commons-net-3.1.jar
7fa02c3e3000-7fa02c3e6000 r--s 00015000 ca:01 5168410                    /home/ec2-user/spark-2.4.4-bin-hadoop2.7/jars/commons-pool-1.5.4.jar
7fa02c3e6000-7fa02c3e8000 r--s 00012000 ca:01 5168409                    /home/ec2-user/spark-2.4.4-bin-hadoop2.7/jars/compress-lzf-1.0.3.jar
7fa02c3e8000-7fa02c3ea000 r--s 00027000 ca:01 5168408                    /home/ec2-user/spark-2.4.4-bin-hadoop2.7/jars/core-1.1.2.jar
7fa02c3ea000-7fa02c3ec000 r--s 0000f000 ca:01 5168407                    /home/ec2-user/spark-2.4.4-bin-hadoop2.7/jars/curator-client-2.7.1.jar
7fa02c3ec000-7fa02c3f2000 r--s 00028000 ca:01 5168406                    /home/ec2-user/spark-2.4.4-bin-hadoop2.7/jars/curator-framework-2.7.1.jar
7fa02c3f2000-7fa02c3fa000 r--s 0003b000 ca:01 5168405                    /home/ec2-user/spark-2.4.4-bin-hadoop2.7/jars/curator-recipes-2.7.1.jar
7fa02c3fa000-7fa02c3ff000 r--s 0004e000 ca:01 5168404                    /home/ec2-user/spark-2.4.4-bin-hadoop2.7/jars/datanucleus-api-jdo-3.2.6.jar
7fa02c3ff000-7fa02c417000 r--s 001b6000 ca:01 5168403                    /home/ec2-user/spark-2.4.4-bin-hadoop2.7/jars/datanucleus-core-3.2.10.jar
7fa02c417000-7fa02c42d000 r--s 001a4000 ca:01 5168402                    /home/ec2-user/spark-2.4.4-bin-hadoop2.7/jars/datanucleus-rdbms-3.2.9.jar
7fa02c42d000-7fa02c45c000 r--s 002e5000 ca:01 5168401                    /home/ec2-user/spark-2.4.4-bin-hadoop2.7/jars/derby-10.12.1.1.jar
7fa02c45c000-7fa02c45d000 r--s 00004000 ca:01 5168400                    /home/ec2-user/spark-2.4.4-bin-hadoop2.7/jars/eigenbase-properties-1.1.5.jar
7fa02c45d000-7fa02c45e000 r--s 00002000 ca:01 5168399                    /home/ec2-user/spark-2.4.4-bin-hadoop2.7/jars/flatbuffers-1.2.0-3f79e055.jar
7fa02c45e000-7fa02c45f000 r--s 00003000 ca:01 5168398                    /home/ec2-user/spark-2.4.4-bin-hadoop2.7/jars/generex-1.0.1.jar
7fa02c45f000-7fa02c464000 r--s 0002a000 ca:01 5168397                    /home/ec2-user/spark-2.4.4-bin-hadoop2.7/jars/gson-2.2.4.jar
7fa02c464000-7fa02c48d000 r--s 001ee000 ca:01 5168396                    /home/ec2-user/spark-2.4.4-bin-hadoop2.7/jars/guava-14.0.1.jar
7fa02c48d000-7fa02c49c000 r--s 0009f000 ca:01 5168395                    /home/ec2-user/spark-2.4.4-bin-hadoop2.7/jars/guice-3.0.jar
7fa02c49c000-7fa02c49e000 r--s 0000e000 ca:01 5168394                    /home/ec2-user/spark-2.4.4-bin-hadoop2.7/jars/guice-servlet-3.0.jar
7fa02c49e000-7fa02c49f000 r--s 00009000 ca:01 5168393                    /home/ec2-user/spark-2.4.4-bin-hadoop2.7/jars/hadoop-annotations-2.7.3.jar
7fa02c49f000-7fa02c4a1000 r--s 00015000 ca:01 5168392                    /home/ec2-user/spark-2.4.4-bin-hadoop2.7/jars/hadoop-auth-2.7.3.jar
7fa02c4a1000-7fa02c4a2000 r--s 00006000 ca:01 5168391                    /home/ec2-user/spark-2.4.4-bin-hadoop2.7/jars/hadoop-client-2.7.3.jar
7fa02c4a2000-7fa02c4d8000 r--s 0031c000 ca:01 5168390                    /home/ec2-user/spark-2.4.4-bin-hadoop2.7/jars/hadoop-common-2.7.3.jar
7fa02c4d8000-7fa02c543000 r--s 00784000 ca:01 5168389                    /home/ec2-user/spark-2.4.4-bin-hadoop2.7/jars/hadoop-hdfs-2.7.3.jar
7fa02c543000-7fa02c54d000 r--s 0007b000 ca:01 5168388                    /home/ec2-user/spark-2.4.4-bin-hadoop2.7/jars/hadoop-mapreduce-client-app-2.7.3.jar
7fa02c54d000-7fa02c55a000 r--s 000b1000 ca:01 5168387                    /home/ec2-user/spark-2.4.4-bin-hadoop2.7/jars/hadoop-mapreduce-client-common-2.7.3.jar
7fa02c55a000-7fa02c573000 r--s 00164000 ca:01 5168386                    /home/ec2-user/spark-2.4.4-bin-hadoop2.7/jars/hadoop-mapreduce-client-core-2.7.3.jar
7fa02c573000-7fa02c575000 r--s 0000e000 ca:01 5168385                    /home/ec2-user/spark-2.4.4-bin-hadoop2.7/jars/hadoop-mapreduce-client-jobclient-2.7.3.jar
7fa02c575000-7fa02c577000 r--s 00010000 ca:01 5168384                    /home/ec2-user/spark-2.4.4-bin-hadoop2.7/jars/hadoop-mapreduce-client-shuffle-2.7.3.jar
7fa02c577000-7fa02c594000 r--s 001d5000 ca:01 5164351                    /home/ec2-user/spark-2.4.4-bin-hadoop2.7/jars/hadoop-yarn-api-2.7.3.jar
7fa02c594000-7fa02c597000 r--s 00026000 ca:01 5164350                    /home/ec2-user/spark-2.4.4-bin-hadoop2.7/jars/hadoop-yarn-client-2.7.3.jar
7fa02c597000-7fa02c5ae000 r--s 00183000 ca:01 5164349                    /home/ec2-user/spark-2.4.4-bin-hadoop2.7/jars/hadoop-yarn-common-2.7.3.jar
7fa02c5ae000-7fa02c5b5000 r--s 00058000 ca:01 5164348                    /home/ec2-user/spark-2.4.4-bin-hadoop2.7/jars/hadoop-yarn-server-common-2.7.3.jar
7fa02c5b5000-7fa02c5b7000 r--s 0000d000 ca:01 5164347                    /home/ec2-user/spark-2.4.4-bin-hadoop2.7/jars/hadoop-yarn-server-web-proxy-2.7.3.jar
7fa02c5b7000-7fa02c5b9000 r--s 00020000 ca:01 5164346                    /home/ec2-user/spark-2.4.4-bin-hadoop2.7/jars/hive-beeline-1.2.1.spark2.jar
7fa02c5b9000-7fa02c662000 r--s 00a4f000 ca:01 5164344                    /home/ec2-user/spark-2.4.4-bin-hadoop2.7/jars/hive-exec-1.2.1.spark2.jar
7fa02c662000-7fa02c6c5000 r--s 004de000 ca:01 5164342                    /home/ec2-user/spark-2.4.4-bin-hadoop2.7/jars/hive-metastore-1.2.1.spark2.jar
7fa02c6c5000-7fa02c6ca000 r--s 00027000 ca:01 5164341                    /home/ec2-user/spark-2.4.4-bin-hadoop2.7/jars/hk2-api-2.4.0-b34.jar
7fa02c6ca000-7fa02c6ce000 r--s 00029000 ca:01 5164340                    /home/ec2-user/spark-2.4.4-bin-hadoop2.7/jars/hk2-locator-2.4.0-b34.jar
7fa02c6ce000-7fa02c6d2000 r--s 0001a000 ca:01 5164339                    /home/ec2-user/spark-2.4.4-bin-hadoop2.7/jars/hk2-utils-2.4.0-b34.jar
7fa02c6d2000-7fa02c6f3000 r--s 00177000 ca:01 5164338                    /home/ec2-user/spark-2.4.4-bin-hadoop2.7/jars/hppc-0.7.2.jar
7fa02c6f3000-7fa02c70c000 r--s 00150000 ca:01 5164337                    /home/ec2-user/spark-2.4.4-bin-hadoop2.7/jars/htrace-core-3.1.0-incubating.jar
7fa02c70c000-7fa02c719000 r--s 000af000 ca:01 5164336                    /home/ec2-user/spark-2.4.4-bin-hadoop2.7/jars/httpclient-4.5.6.jar
7fa02c719000-7fa02c720000 r--s 00049000 ca:01 5164335                    /home/ec2-user/spark-2.4.4-bin-hadoop2.7/jars/httpcore-4.4.10.jar
7fa02c720000-7fa02c736000 r--s 00124000 ca:01 5164334                    /home/ec2-user/spark-2.4.4-bin-hadoop2.7/jars/ivy-2.4.0.jar
7fa02c736000-7fa02c73a000 r--s 0003c000 ca:01 5164332                    /home/ec2-user/spark-2.4.4-bin-hadoop2.7/jars/jackson-core-2.6.7.jar
7fa02c73a000-7fa02c73e000 r--s 00035000 ca:01 5164331                    /home/ec2-user/spark-2.4.4-bin-hadoop2.7/jars/jackson-core-asl-1.9.13.jar
7fa02c73e000-7fa02c74f000 r--s 0010c000 ca:01 5164330                    /home/ec2-user/spark-2.4.4-bin-hadoop2.7/jars/jackson-databind-2.6.7.1.jar
7fa02c74f000-7fa02c7e5000 r--s 0110a000 ca:01 21013756                   /usr/java/jdk1.8.0_161/jre/lib/ext/jfxrt.jar
7fa02c7e5000-7fa02c7e6000 ---p 00000000 00:00 0 
7fa02c7e6000-7fa02c8e6000 rw-p 00000000 00:00 0 
7fa02c8e6000-7fa02c8e9000 ---p 00000000 00:00 0 
7fa02c8e9000-7fa02c9e7000 rw-p 00000000 00:00 0 
7fa02c9e7000-7fa02c9e8000 ---p 00000000 00:00 0 
7fa02c9e8000-7fa02c9eb000 ---p 00000000 00:00 0 
7fa02c9eb000-7fa02cae8000 rw-p 00000000 00:00 0 
7fa02cae8000-7fa02cae9000 ---p 00000000 00:00 0 
7fa02cae9000-7fa02caec000 ---p 00000000 00:00 0 
7fa02caec000-7fa02cbe9000 rw-p 00000000 00:00 0 
7fa02cbe9000-7fa02cbec000 ---p 00000000 00:00 0 
7fa02cbec000-7fa02ccea000 rw-p 00000000 00:00 0 
7fa02ccea000-7fa02cced000 ---p 00000000 00:00 0 
7fa02cced000-7fa02cdeb000 rw-p 00000000 00:00 0 
7fa02cdeb000-7fa02cdee000 ---p 00000000 00:00 0 
7fa02cdee000-7fa02ceec000 rw-p 00000000 00:00 0 
7fa02ceec000-7fa02ceed000 ---p 00000000 00:00 0 
7fa02ceed000-7fa02cfed000 rw-p 00000000 00:00 0 
7fa02cfed000-7fa02d1c6000 r--s 03d64000 ca:01 21013746                   /usr/java/jdk1.8.0_161/jre/lib/rt.jar
7fa02d1c6000-7fa02da3c000 rw-p 00000000 00:00 0 
7fa02da3c000-7fa02da4c000 rw-p 00000000 00:00 0 
7fa02da4c000-7fa02e0e7000 ---p 00000000 00:00 0 
7fa02e0e7000-7fa02e0ef000 rw-p 00000000 00:00 0 
7fa02e0ef000-7fa02e43c000 ---p 00000000 00:00 0 
7fa02e43c000-7fa02e44c000 rw-p 00000000 00:00 0 
7fa02e44c000-7fa02eae7000 ---p 00000000 00:00 0 
7fa02eae7000-7fa02eb33000 rw-p 00000000 00:00 0 
7fa02eb33000-7fa02eea8000 ---p 00000000 00:00 0 
7fa02eea8000-7fa02eec3000 r-xp 00000000 ca:01 25456365                   /usr/java/jdk1.8.0_161/jre/lib/amd64/libzip.so
7fa02eec3000-7fa02f0c3000 ---p 0001b000 ca:01 25456365                   /usr/java/jdk1.8.0_161/jre/lib/amd64/libzip.so
7fa02f0c3000-7fa02f0c4000 rw-p 0001b000 ca:01 25456365                   /usr/java/jdk1.8.0_161/jre/lib/amd64/libzip.so
7fa02f0c4000-7fa02f0cf000 r-xp 00000000 ca:01 220937                     /usr/lib64/libnss_files-2.26.so
7fa02f0cf000-7fa02f2ce000 ---p 0000b000 ca:01 220937                     /usr/lib64/libnss_files-2.26.so
7fa02f2ce000-7fa02f2cf000 r--p 0000a000 ca:01 220937                     /usr/lib64/libnss_files-2.26.so
7fa02f2cf000-7fa02f2d0000 rw-p 0000b000 ca:01 220937                     /usr/lib64/libnss_files-2.26.so
7fa02f2d0000-7fa02f2d6000 rw-p 00000000 00:00 0 
7fa02f2d6000-7fa02f2de000 r-xp 00000000 ca:01 838549                     /usr/lib64/libnss_sss.so.2
7fa02f2de000-7fa02f4dd000 ---p 00008000 ca:01 838549                     /usr/lib64/libnss_sss.so.2
7fa02f4dd000-7fa02f4de000 r--p 00007000 ca:01 838549                     /usr/lib64/libnss_sss.so.2
7fa02f4de000-7fa02f4df000 rw-p 00008000 ca:01 838549                     /usr/lib64/libnss_sss.so.2
7fa02f4df000-7fa02f50a000 r-xp 00000000 ca:01 25456359                   /usr/java/jdk1.8.0_161/jre/lib/amd64/libjava.so
7fa02f50a000-7fa02f709000 ---p 0002b000 ca:01 25456359                   /usr/java/jdk1.8.0_161/jre/lib/amd64/libjava.so
7fa02f709000-7fa02f70b000 rw-p 0002a000 ca:01 25456359                   /usr/java/jdk1.8.0_161/jre/lib/amd64/libjava.so
7fa02f70b000-7fa02f718000 r-xp 00000000 ca:01 25456364                   /usr/java/jdk1.8.0_161/jre/lib/amd64/libverify.so
7fa02f718000-7fa02f918000 ---p 0000d000 ca:01 25456364                   /usr/java/jdk1.8.0_161/jre/lib/amd64/libverify.so
7fa02f918000-7fa02f91a000 rw-p 0000d000 ca:01 25456364                   /usr/java/jdk1.8.0_161/jre/lib/amd64/libverify.so
7fa02f91a000-7fa02f921000 r-xp 00000000 ca:01 220943                     /usr/lib64/librt-2.26.so
7fa02f921000-7fa02fb20000 ---p 00007000 ca:01 220943                     /usr/lib64/librt-2.26.so
7fa02fb20000-7fa02fb21000 r--p 00006000 ca:01 220943                     /usr/lib64/librt-2.26.so
7fa02fb21000-7fa02fb22000 rw-p 00007000 ca:01 220943                     /usr/lib64/librt-2.26.so
7fa02fb22000-7fa02fc61000 r-xp 00000000 ca:01 220927                     /usr/lib64/libm-2.26.so
7fa02fc61000-7fa02fe60000 ---p 0013f000 ca:01 220927                     /usr/lib64/libm-2.26.so
7fa02fe60000-7fa02fe61000 r--p 0013e000 ca:01 220927                     /usr/lib64/libm-2.26.so
7fa02fe61000-7fa02fe62000 rw-p 0013f000 ca:01 220927                     /usr/lib64/libm-2.26.so
7fa02fe62000-7fa030b3b000 r-xp 00000000 ca:01 33555280                   /usr/java/jdk1.8.0_161/jre/lib/amd64/server/libjvm.so
7fa030b3b000-7fa030d3a000 ---p 00cd9000 ca:01 33555280                   /usr/java/jdk1.8.0_161/jre/lib/amd64/server/libjvm.so
7fa030d3a000-7fa030e13000 rw-p 00cd8000 ca:01 33555280                   /usr/java/jdk1.8.0_161/jre/lib/amd64/server/libjvm.so
7fa030e13000-7fa030e5f000 rw-p 00000000 00:00 0 
7fa030e5f000-7fa031000000 r-xp 00000000 ca:01 220921                     /usr/lib64/libc-2.26.so
7fa031000000-7fa031200000 ---p 001a1000 ca:01 220921                     /usr/lib64/libc-2.26.so
7fa031200000-7fa031204000 r--p 001a1000 ca:01 220921                     /usr/lib64/libc-2.26.so
7fa031204000-7fa031206000 rw-p 001a5000 ca:01 220921                     /usr/lib64/libc-2.26.so
7fa031206000-7fa03120a000 rw-p 00000000 00:00 0 
7fa03120a000-7fa03120d000 r-xp 00000000 ca:01 220925                     /usr/lib64/libdl-2.26.so
7fa03120d000-7fa03140c000 ---p 00003000 ca:01 220925                     /usr/lib64/libdl-2.26.so
7fa03140c000-7fa03140d000 r--p 00002000 ca:01 220925                     /usr/lib64/libdl-2.26.so
7fa03140d000-7fa03140e000 rw-p 00003000 ca:01 220925                     /usr/lib64/libdl-2.26.so
7fa03140e000-7fa031424000 r-xp 00000000 ca:01 29439937                   /usr/java/jdk1.8.0_161/jre/lib/amd64/jli/libjli.so
7fa031424000-7fa031623000 ---p 00016000 ca:01 29439937                   /usr/java/jdk1.8.0_161/jre/lib/amd64/jli/libjli.so
7fa031623000-7fa031624000 rw-p 00015000 ca:01 29439937                   /usr/java/jdk1.8.0_161/jre/lib/amd64/jli/libjli.so
7fa031624000-7fa03163c000 r-xp 00000000 ca:01 220939                     /usr/lib64/libpthread-2.26.so
7fa03163c000-7fa03183c000 ---p 00018000 ca:01 220939                     /usr/lib64/libpthread-2.26.so
7fa03183c000-7fa03183d000 r--p 00018000 ca:01 220939                     /usr/lib64/libpthread-2.26.so
7fa03183d000-7fa03183e000 rw-p 00019000 ca:01 220939                     /usr/lib64/libpthread-2.26.so
7fa03183e000-7fa031842000 rw-p 00000000 00:00 0 
7fa031842000-7fa031866000 r-xp 00000000 ca:01 220914                     /usr/lib64/ld-2.26.so
7fa031866000-7fa031867000 r--s 00009000 ca:01 5164345                    /home/ec2-user/spark-2.4.4-bin-hadoop2.7/jars/hive-cli-1.2.1.spark2.jar
7fa031867000-7fa031869000 r--s 00017000 ca:01 5164343                    /home/ec2-user/spark-2.4.4-bin-hadoop2.7/jars/hive-jdbc-1.2.1.spark2.jar
7fa031869000-7fa031872000 r--s 00046000 ca:01 5164329                    /home/ec2-user/spark-2.4.4-bin-hadoop2.7/jars/jackson-dataformat-yaml-2.6.7.jar
7fa031872000-7fa031880000 r--s 000b1000 ca:01 5164327                    /home/ec2-user/spark-2.4.4-bin-hadoop2.7/jars/jackson-mapper-asl-1.9.13.jar
7fa031880000-7fa031952000 rw-p 00000000 00:00 0 
7fa031952000-7fa03195a000 rw-s 00000000 ca:01 69934                      /tmp/hsperfdata_ec2-user/7800
7fa03195a000-7fa03195b000 ---p 00000000 00:00 0 
7fa03195b000-7fa03195e000 ---p 00000000 00:00 0 
7fa03195e000-7fa031a5f000 rw-p 00000000 00:00 0 
7fa031a5f000-7fa031a62000 r--s 00009000 ca:01 5164333                    /home/ec2-user/spark-2.4.4-bin-hadoop2.7/jars/jackson-annotations-2.6.7.jar
7fa031a62000-7fa031a63000 r--s 00004000 ca:01 5164328                    /home/ec2-user/spark-2.4.4-bin-hadoop2.7/jars/jackson-jaxrs-1.9.13.jar
7fa031a63000-7fa031a64000 rw-p 00000000 00:00 0 
7fa031a64000-7fa031a65000 r--p 00000000 00:00 0 
7fa031a65000-7fa031a66000 r--p 00023000 ca:01 220914                     /usr/lib64/ld-2.26.so
7fa031a66000-7fa031a67000 rw-p 00024000 ca:01 220914                     /usr/lib64/ld-2.26.so
7fa031a67000-7fa031a68000 rw-p 00000000 00:00 0 
7ffe7d402000-7ffe7d423000 rw-p 00000000 00:00 0                          [stack]
7ffe7d521000-7ffe7d524000 r--p 00000000 00:00 0                          [vvar]
7ffe7d524000-7ffe7d526000 r-xp 00000000 00:00 0                          [vdso]
ffffffffff600000-ffffffffff601000 r-xp 00000000 00:00 0                  [vsyscall]

VM Arguments:
jvm_args: -Xmx5g 
java_command: org.apache.spark.deploy.SparkSubmit --conf spark.executor.memory=5g --conf spark.driver.memory=5g --conf spark.app.name=apriori pyspark-shell
java_class_path (initial): /home/ec2-user/spark-2.4.4-bin-hadoop2.7/conf/:/home/ec2-user/spark-2.4.4-bin-hadoop2.7/jars/jackson-mapper-asl-1.9.13.jar:/home/ec2-user/spark-2.4.4-bin-hadoop2.7/jars/jackson-jaxrs-1.9.13.jar:/home/ec2-user/spark-2.4.4-bin-hadoop2.7/jars/jackson-dataformat-yaml-2.6.7.jar:/home/ec2-user/spark-2.4.4-bin-hadoop2.7/jars/jackson-databind-2.6.7.1.jar:/home/ec2-user/spark-2.4.4-bin-hadoop2.7/jars/jackson-core-asl-1.9.13.jar:/home/ec2-user/spark-2.4.4-bin-hadoop2.7/jars/jackson-core-2.6.7.jar:/home/ec2-user/spark-2.4.4-bin-hadoop2.7/jars/jackson-annotations-2.6.7.jar:/home/ec2-user/spark-2.4.4-bin-hadoop2.7/jars/ivy-2.4.0.jar:/home/ec2-user/spark-2.4.4-bin-hadoop2.7/jars/httpcore-4.4.10.jar:/home/ec2-user/spark-2.4.4-bin-hadoop2.7/jars/httpclient-4.5.6.jar:/home/ec2-user/spark-2.4.4-bin-hadoop2.7/jars/htrace-core-3.1.0-incubating.jar:/home/ec2-user/spark-2.4.4-bin-hadoop2.7/jars/hppc-0.7.2.jar:/home/ec2-user/spark-2.4.4-bin-hadoop2.7/jars/hk2-utils-2.4.0-b34.jar:/home/ec2-user/spark-2.4.4-bin-hadoop2.7/jars/hk2-locator-2.4.0-b34.jar:/home/ec2-user/spark-2.4.4-bin-hadoop2.7/jars/hk2-api-2.4.0-b34.jar:/home/ec2-user/spark-2.4.4-bin-hadoop2.7/jars/hive-metastore-1.2.1.spark2.jar:/home/ec2-user/spark-2.4.4-bin-hadoop2.7/jars/hive-jdbc-1.2.1.spark2.jar:/home/ec2-user/spark-2.4.4-bin-hadoop2.7/jars/hive-exec-1.2.1.spark2.jar:/home/ec2-user/spark-2.4.4-bin-hadoop2.7/jars/hive-cli-1.2.1.spark2.jar:/home/ec2-user/spark-2.4.4-bin-hadoop2.7/jars/hive-beeline-1.2.1.spark2.jar:/home/ec2-user/spark-2.4.4-bin-hadoop2.7/jars/hadoop-yarn-server-web-proxy-2.7.3.jar:/home/ec2-user/spark-2.4.4-bin-hadoop2.7/jars/hadoop-yarn-server-common-2.7.3.jar:/home/ec2-user/spark-2.4.4-bin-hadoop2.7/jars/hadoop-yarn-common-2.7.3.jar:/home/ec2-user/spark-2.4.4-bin-hadoop2.7/jars/hadoop-yarn-client-2.7.3.jar:/home/ec2-user/spark-2.4.4-bin-hadoop2.7/jars/hadoop-yarn-api-2.7.3.jar:/home/ec2-user/spark-2.4.4-bin-hadoop2.7/jars/hadoop-mapreduce-client-shuffle-2.7.3.jar:/home/ec2-u
Launcher Type: SUN_STANDARD

Environment Variables:
JAVA_HOME=/usr/java/jdk1.8.0_161/jre
JRE_HOME=/usr/java/jdk1.8.0_161/jre/
PATH=/home/ec2-user/spark-2.4.4-bin-hadoop2.7/bin:/usr/java/jdk1.8.0_161//bin:/usr/java/jdk1.8.0_161//bin:/usr/java/jdk1.8.0_161//bin:/usr/local/bin:/usr/bin:/usr/local/sbin:/usr/sbin:/home/ec2-user/.local/bin:/home/ec2-user/bin
SHELL=/bin/bash

Signal Handlers:
SIGSEGV: [libjvm.so+0xad01e0], sa_mask[0]=11111111011111111101111111111110, sa_flags=SA_RESTART|SA_SIGINFO
SIGBUS: [libjvm.so+0xad01e0], sa_mask[0]=11111111011111111101111111111110, sa_flags=SA_RESTART|SA_SIGINFO
SIGFPE: [libjvm.so+0x927fb0], sa_mask[0]=11111111011111111101111111111110, sa_flags=SA_RESTART|SA_SIGINFO
SIGPIPE: [libjvm.so+0x927fb0], sa_mask[0]=11111111011111111101111111111110, sa_flags=SA_RESTART|SA_SIGINFO
SIGXFSZ: [libjvm.so+0x927fb0], sa_mask[0]=11111111011111111101111111111110, sa_flags=SA_RESTART|SA_SIGINFO
SIGILL: [libjvm.so+0x927fb0], sa_mask[0]=11111111011111111101111111111110, sa_flags=SA_RESTART|SA_SIGINFO
SIGUSR1: SIG_DFL, sa_mask[0]=00000000000000000000000000000000, sa_flags=none
SIGUSR2: [libjvm.so+0x9297f0], sa_mask[0]=00000000000000000000000000000000, sa_flags=SA_RESTART|SA_SIGINFO
SIGHUP: [libjvm.so+0x92abf0], sa_mask[0]=11111111011111111101111111111110, sa_flags=SA_RESTART|SA_SIGINFO
SIGINT: SIG_IGN, sa_mask[0]=00000000000000000000000000000000, sa_flags=none
SIGTERM: [libjvm.so+0x92abf0], sa_mask[0]=11111111011111111101111111111110, sa_flags=SA_RESTART|SA_SIGINFO
SIGQUIT: [libjvm.so+0x92abf0], sa_mask[0]=11111111011111111101111111111110, sa_flags=SA_RESTART|SA_SIGINFO


---------------  S Y S T E M  ---------------

OS:Amazon Linux release 2 (Karoo)

uname:Linux 4.14.181-140.257.amzn2.x86_64 #1 SMP Wed May 27 02:17:36 UTC 2020 x86_64
libc:glibc 2.26 NPTL 2.26 
rlimit: STACK 8192k, CORE 0k, NPROC 3791, NOFILE 4096, AS infinity
load average:0.36 0.15 0.04

/proc/meminfo:
MemTotal:        1006948 kB
MemFree:           49888 kB
MemAvailable:          0 kB
Buffers:               0 kB
Cached:            14576 kB
SwapCached:            0 kB
Active:           886608 kB
Inactive:          13596 kB
Active(anon):     885764 kB
Inactive(anon):      268 kB
Active(file):        844 kB
Inactive(file):    13328 kB
Unevictable:           0 kB
Mlocked:               0 kB
SwapTotal:             0 kB
SwapFree:              0 kB
Dirty:               100 kB
Writeback:             0 kB
AnonPages:        885632 kB
Mapped:             8512 kB
Shmem:               400 kB
Slab:              32320 kB
SReclaimable:      15068 kB
SUnreclaim:        17252 kB
KernelStack:        4208 kB
PageTables:         8868 kB
NFS_Unstable:          0 kB
Bounce:                0 kB
WritebackTmp:          0 kB
CommitLimit:      503472 kB
Committed_AS:    1232676 kB
VmallocTotal:   34359738367 kB
VmallocUsed:           0 kB
VmallocChunk:          0 kB
HardwareCorrupted:     0 kB
AnonHugePages:         0 kB
ShmemHugePages:        0 kB
ShmemPmdMapped:        0 kB
HugePages_Total:       0
HugePages_Free:        0
HugePages_Rsvd:        0
HugePages_Surp:        0
Hugepagesize:       2048 kB
DirectMap4k:       81920 kB
DirectMap2M:      966656 kB


CPU:total 1 (initial active 1) (1 cores per cpu, 1 threads per core) family 6 model 63 stepping 2, cmov, cx8, fxsr, mmx, sse, sse2, sse3, ssse3, sse4.1, sse4.2, popcnt, avx, avx2, aes, clmul, erms, lzcnt, tsc, bmi1, bmi2

/proc/cpuinfo:
processor	: 0
vendor_id	: GenuineIntel
cpu family	: 6
model		: 63
model name	: Intel(R) Xeon(R) CPU E5-2676 v3 @ 2.40GHz
stepping	: 2
microcode	: 0x43
cpu MHz		: 2399.991
cache size	: 30720 KB
physical id	: 0
siblings	: 1
core id		: 0
cpu cores	: 1
apicid		: 0
initial apicid	: 0
fpu		: yes
fpu_exception	: yes
cpuid level	: 13
wp		: yes
flags		: fpu vme de pse tsc msr pae mce cx8 apic sep mtrr pge mca cmov pat pse36 clflush mmx fxsr sse sse2 ht syscall nx rdtscp lm constant_tsc rep_good nopl xtopology cpuid pni pclmulqdq ssse3 fma cx16 pcid sse4_1 sse4_2 x2apic movbe popcnt tsc_deadline_timer aes xsave avx f16c rdrand hypervisor lahf_lm abm cpuid_fault invpcid_single pti fsgsbase bmi1 avx2 smep bmi2 erms invpcid xsaveopt
bugs		: cpu_meltdown spectre_v1 spectre_v2 spec_store_bypass l1tf mds swapgs itlb_multihit
bogomips	: 4800.06
clflush size	: 64
cache_alignment	: 64
address sizes	: 46 bits physical, 48 bits virtual
power management:



Memory: 4k page, physical 1006948k(49888k free), swap 0k(0k free)

vm_info: Java HotSpot(TM) 64-Bit Server VM (25.161-b12) for linux-amd64 JRE (1.8.0_161-b12), built on Dec 19 2017 16:12:43 by "java_re" with gcc 4.3.0 20080428 (Red Hat 4.3.0-8)

time: Sun Aug  2 08:21:57 2020
elapsed time: 70 seconds (0d 0h 1m 10s)

